,number,value,datetime_start,datetime_complete,duration,params_c_alpha,params_n_components,params_threshold_mult,state
0,0,0.7115104419621177,2025-05-02 19:02:16.803502,2025-05-02 19:02:16.934995,0 days 00:00:00.131493,3.8906,2,0.38581582720779106,COMPLETE
1,1,0.4961593172119488,2025-05-02 19:02:16.936246,2025-05-02 19:02:17.124876,0 days 00:00:00.188630,3.8906,3,1.06630202532197,COMPLETE
2,2,0.20927869962749746,2025-05-02 19:02:17.125861,2025-05-02 19:02:17.308319,0 days 00:00:00.182458,3.8906,4,1.2539465982006361,COMPLETE
3,3,0.20927869962749746,2025-05-02 19:02:17.309311,2025-05-02 19:02:17.492087,0 days 00:00:00.182776,3.8906,4,1.7550931751029561,COMPLETE
4,4,0.4961593172119488,2025-05-02 19:02:17.492578,2025-05-02 19:02:17.608345,0 days 00:00:00.115767,3.8906,3,1.4240376359561406,COMPLETE
5,5,0.7116832645129949,2025-05-02 19:02:17.609169,2025-05-02 19:02:17.789458,0 days 00:00:00.180289,3.8906,2,1.2494865650077969,COMPLETE
6,6,0.20927869962749746,2025-05-02 19:02:17.790412,2025-05-02 19:02:18.002494,0 days 00:00:00.212082,3.8906,4,1.062921392172802,COMPLETE
7,7,0.20927869962749746,2025-05-02 19:02:18.003451,2025-05-02 19:02:18.203846,0 days 00:00:00.200395,3.8906,4,1.0191585124052114,COMPLETE
8,8,0.20927869962749746,2025-05-02 19:02:18.204823,2025-05-02 19:02:18.397194,0 days 00:00:00.192371,3.8906,4,0.9364252933311676,COMPLETE
9,9,0.4961593172119488,2025-05-02 19:02:18.397527,2025-05-02 19:02:18.535689,0 days 00:00:00.138162,3.8906,3,1.919581915115764,COMPLETE
10,10,0.8852941176470588,2025-05-02 19:02:18.536648,2025-05-02 19:02:18.699687,0 days 00:00:00.163039,3.8906,1,0.44853583505134487,COMPLETE
11,11,0.8852941176470588,2025-05-02 19:02:18.700691,2025-05-02 19:02:18.863948,0 days 00:00:00.163257,3.8906,1,0.130993842930673,COMPLETE
12,12,0.8852941176470588,2025-05-02 19:02:18.864946,2025-05-02 19:02:19.065009,0 days 00:00:00.200063,3.8906,1,0.11530686687459413,COMPLETE
13,13,0.8854801428871611,2025-05-02 19:02:19.065551,2025-05-02 19:02:19.312096,0 days 00:00:00.246545,3.8906,1,0.533783901852257,COMPLETE
14,14,0.8854801428871611,2025-05-02 19:02:19.312728,2025-05-02 19:02:19.546024,0 days 00:00:00.233296,3.8906,1,0.5993997567985381,COMPLETE
15,15,0.7115104419621177,2025-05-02 19:02:19.546628,2025-05-02 19:02:19.750880,0 days 00:00:00.204252,3.8906,2,0.5975058627529555,COMPLETE
16,16,0.8854801428871611,2025-05-02 19:02:19.751235,2025-05-02 19:02:19.924059,0 days 00:00:00.172824,3.8906,1,0.717014624331779,COMPLETE
17,17,0.7116832645129949,2025-05-02 19:02:19.925026,2025-05-02 19:02:20.092219,0 days 00:00:00.167193,3.8906,2,0.6907349092797976,COMPLETE
18,18,0.8852941176470588,2025-05-02 19:02:20.092852,2025-05-02 19:02:20.210043,0 days 00:00:00.117191,3.8906,1,0.3648028054343355,COMPLETE
19,19,0.8854801428871611,2025-05-02 19:02:20.210687,2025-05-02 19:02:20.321451,0 days 00:00:00.110764,3.8906,1,0.8345182403838078,COMPLETE
20,20,0.7115104419621177,2025-05-02 19:02:20.322201,2025-05-02 19:02:20.514550,0 days 00:00:00.192349,3.8906,2,0.5554811036716969,COMPLETE
21,21,0.8854801428871611,2025-05-02 19:02:20.515163,2025-05-02 19:02:20.626972,0 days 00:00:00.111809,3.8906,1,0.7683118881580249,COMPLETE
22,22,0.8854801428871611,2025-05-02 19:02:20.627617,2025-05-02 19:02:20.850444,0 days 00:00:00.222827,3.8906,1,0.5470812275634748,COMPLETE
23,23,0.8852941176470588,2025-05-02 19:02:20.851166,2025-05-02 19:02:20.973644,0 days 00:00:00.122478,3.8906,1,0.3466015361421543,COMPLETE
24,24,0.7116832645129949,2025-05-02 19:02:20.974509,2025-05-02 19:02:21.085888,0 days 00:00:00.111379,3.8906,2,0.702608772587875,COMPLETE
25,25,0.8852941176470588,2025-05-02 19:02:21.086519,2025-05-02 19:02:21.201658,0 days 00:00:00.115139,3.8906,1,0.251822096978902,COMPLETE
26,26,0.8854801428871611,2025-05-02 19:02:21.202281,2025-05-02 19:02:21.312588,0 days 00:00:00.110307,3.8906,1,0.8778696606905537,COMPLETE
27,27,0.7115104419621177,2025-05-02 19:02:21.313206,2025-05-02 19:02:21.439411,0 days 00:00:00.126205,3.8906,2,0.6103711325959448,COMPLETE
28,28,0.8852941176470588,2025-05-02 19:02:21.440082,2025-05-02 19:02:21.556695,0 days 00:00:00.116613,3.8906,1,0.4784811063815307,COMPLETE
29,29,0.7115104419621177,2025-05-02 19:02:21.557308,2025-05-02 19:02:21.789541,0 days 00:00:00.232233,3.8906,2,0.28074108306317075,COMPLETE
30,30,0.8854801428871611,2025-05-02 19:02:21.790551,2025-05-02 19:02:21.997052,0 days 00:00:00.206501,3.8906,1,1.1883207287763655,COMPLETE
31,31,0.8854801428871611,2025-05-02 19:02:21.997394,2025-05-02 19:02:22.188383,0 days 00:00:00.190989,3.8906,1,0.8055558873650719,COMPLETE
32,32,0.8854801428871611,2025-05-02 19:02:22.189757,2025-05-02 19:02:22.347673,0 days 00:00:00.157916,3.8906,1,0.9012532959850235,COMPLETE
33,33,0.8854801428871611,2025-05-02 19:02:22.348061,2025-05-02 19:02:22.527818,0 days 00:00:00.179757,3.8906,1,0.6827791420061518,COMPLETE
34,34,0.7116832645129949,2025-05-02 19:02:22.528789,2025-05-02 19:02:22.801955,0 days 00:00:00.273166,3.8906,2,0.7913662085238423,COMPLETE
35,35,0.8852941176470588,2025-05-02 19:02:22.802863,2025-05-02 19:02:23.026389,0 days 00:00:00.223526,3.8906,1,0.48109921134993605,COMPLETE
36,36,0.4961593172119488,2025-05-02 19:02:23.027376,2025-05-02 19:02:23.445771,0 days 00:00:00.418395,3.8906,3,1.4517259891041685,COMPLETE
37,37,0.8854801428871611,2025-05-02 19:02:23.446720,2025-05-02 19:02:23.647725,0 days 00:00:00.201005,3.8906,1,1.1747592729197804,COMPLETE
38,38,0.7116832645129949,2025-05-02 19:02:23.657543,2025-05-02 19:02:23.936369,0 days 00:00:00.278826,3.8906,2,0.9757337490111633,COMPLETE
39,39,0.885666246321984,2025-05-02 19:02:23.937349,2025-05-02 19:02:24.205370,0 days 00:00:00.268021,3.8906,1,1.4028445402049188,COMPLETE
40,40,0.7116832645129949,2025-05-02 19:02:24.206387,2025-05-02 19:02:24.452543,0 days 00:00:00.246156,3.8906,2,1.523640079075211,COMPLETE
41,41,0.8854801428871611,2025-05-02 19:02:24.453470,2025-05-02 19:02:24.808631,0 days 00:00:00.355161,3.8906,1,1.0687268071108234,COMPLETE
42,42,0.885666246321984,2025-05-02 19:02:24.809615,2025-05-02 19:02:25.207391,0 days 00:00:00.397776,3.8906,1,1.5609779836566573,COMPLETE
43,43,0.885666246321984,2025-05-02 19:02:25.208355,2025-05-02 19:02:25.543775,0 days 00:00:00.335420,3.8906,1,1.5905936462121986,COMPLETE
44,44,0.885666246321984,2025-05-02 19:02:25.544789,2025-05-02 19:02:25.836892,0 days 00:00:00.292103,3.8906,1,1.6546643755437254,COMPLETE
45,45,0.885666246321984,2025-05-02 19:02:25.837871,2025-05-02 19:02:25.990868,0 days 00:00:00.152997,3.8906,1,1.6974429063972751,COMPLETE
46,46,0.885666246321984,2025-05-02 19:02:25.991783,2025-05-02 19:02:26.276439,0 days 00:00:00.284656,3.8906,1,1.6504757256866782,COMPLETE
47,47,0.885666246321984,2025-05-02 19:02:26.277410,2025-05-02 19:02:26.585446,0 days 00:00:00.308036,3.8906,1,1.8447308639896893,COMPLETE
48,48,0.4961593172119488,2025-05-02 19:02:26.586438,2025-05-02 19:02:26.824601,0 days 00:00:00.238163,3.8906,3,1.6430787628067731,COMPLETE
49,49,0.8854801428871611,2025-05-02 19:02:26.825484,2025-05-02 19:02:27.128596,0 days 00:00:00.303112,3.8906,1,1.3195954806034456,COMPLETE
50,50,0.885666246321984,2025-05-02 19:02:27.128984,2025-05-02 19:02:27.371225,0 days 00:00:00.242241,3.8906,1,1.9744022169762085,COMPLETE
51,51,0.885666246321984,2025-05-02 19:02:27.372211,2025-05-02 19:02:27.640131,0 days 00:00:00.267920,3.8906,1,1.690347500566038,COMPLETE
52,52,0.885666246321984,2025-05-02 19:02:27.641136,2025-05-02 19:02:27.982755,0 days 00:00:00.341619,3.8906,1,1.5829729175190765,COMPLETE
53,53,0.885666246321984,2025-05-02 19:02:27.983631,2025-05-02 19:02:28.279482,0 days 00:00:00.295851,3.8906,1,1.7804792037357244,COMPLETE
54,54,0.8854801428871611,2025-05-02 19:02:28.280354,2025-05-02 19:02:28.535580,0 days 00:00:00.255226,3.8906,1,1.3732650395720598,COMPLETE
55,55,0.885666246321984,2025-05-02 19:02:28.537004,2025-05-02 19:02:28.853163,0 days 00:00:00.316159,3.8906,1,1.5041443011464668,COMPLETE
56,56,0.7116832645129949,2025-05-02 19:02:28.854154,2025-05-02 19:02:29.023055,0 days 00:00:00.168901,3.8906,2,1.7333952061746034,COMPLETE
57,57,0.20927869962749746,2025-05-02 19:02:29.024039,2025-05-02 19:02:29.264123,0 days 00:00:00.240084,3.8906,4,1.6094800406328014,COMPLETE
58,58,0.885666246321984,2025-05-02 19:02:29.265094,2025-05-02 19:02:29.468602,0 days 00:00:00.203508,3.8906,1,1.875453458508233,COMPLETE
59,59,0.885666246321984,2025-05-02 19:02:29.469463,2025-05-02 19:02:29.659402,0 days 00:00:00.189939,3.8906,1,1.8048719173472316,COMPLETE
60,60,0.885666246321984,2025-05-02 19:02:29.660289,2025-05-02 19:02:29.956653,0 days 00:00:00.296364,3.8906,1,1.5468526710528787,COMPLETE
61,61,0.885666246321984,2025-05-02 19:02:29.957560,2025-05-02 19:02:30.300213,0 days 00:00:00.342653,3.8906,1,1.7007114988032286,COMPLETE
62,62,0.885666246321984,2025-05-02 19:02:30.301112,2025-05-02 19:02:30.695454,0 days 00:00:00.394342,3.8906,1,1.8721836448381366,COMPLETE
63,63,0.885666246321984,2025-05-02 19:02:30.696129,2025-05-02 19:02:30.993437,0 days 00:00:00.297308,3.8906,1,1.4290183536504153,COMPLETE
64,64,0.885666246321984,2025-05-02 19:02:30.994105,2025-05-02 19:02:31.213669,0 days 00:00:00.219564,3.8906,1,1.8294250186556889,COMPLETE
65,65,0.885666246321984,2025-05-02 19:02:31.214061,2025-05-02 19:02:31.430433,0 days 00:00:00.216372,3.8906,1,1.6729956419992533,COMPLETE
66,66,0.885666246321984,2025-05-02 19:02:31.431312,2025-05-02 19:02:31.684141,0 days 00:00:00.252829,3.8906,1,1.4760153520245507,COMPLETE
67,67,0.885666246321984,2025-05-02 19:02:31.685132,2025-05-02 19:02:32.075009,0 days 00:00:00.389877,3.8906,1,1.9794639098958684,COMPLETE
68,68,0.885666246321984,2025-05-02 19:02:32.076003,2025-05-02 19:02:32.355464,0 days 00:00:00.279461,3.8906,1,1.579391930698486,COMPLETE
69,69,0.7116832645129949,2025-05-02 19:02:32.356477,2025-05-02 19:02:32.627648,0 days 00:00:00.271171,3.8906,2,1.3423186349525738,COMPLETE
70,70,0.885666246321984,2025-05-02 19:02:32.628676,2025-05-02 19:02:32.876823,0 days 00:00:00.248147,3.8906,1,1.739252271893536,COMPLETE
71,71,0.885666246321984,2025-05-02 19:02:32.879067,2025-05-02 19:02:33.084900,0 days 00:00:00.205833,3.8906,1,1.9995082636694397,COMPLETE
72,72,0.885666246321984,2025-05-02 19:02:33.085239,2025-05-02 19:02:33.288795,0 days 00:00:00.203556,3.8906,1,1.9098167906773897,COMPLETE
73,73,0.885666246321984,2025-05-02 19:02:33.289852,2025-05-02 19:02:33.567409,0 days 00:00:00.277557,3.8906,1,1.6369840885400486,COMPLETE
74,74,0.885666246321984,2025-05-02 19:02:33.568047,2025-05-02 19:02:33.845157,0 days 00:00:00.277110,3.8906,1,1.8529969347234452,COMPLETE
75,75,0.885666246321984,2025-05-02 19:02:33.845733,2025-05-02 19:02:34.145487,0 days 00:00:00.299754,3.8906,1,1.9507915231162059,COMPLETE
76,76,0.885666246321984,2025-05-02 19:02:34.146440,2025-05-02 19:02:34.389528,0 days 00:00:00.243088,3.8906,1,1.7715488145950868,COMPLETE
77,77,0.885666246321984,2025-05-02 19:02:34.390249,2025-05-02 19:02:34.672066,0 days 00:00:00.281817,3.8906,1,1.551512502047109,COMPLETE
78,78,0.4961593172119488,2025-05-02 19:02:34.672713,2025-05-02 19:02:34.932262,0 days 00:00:00.259549,3.8906,3,1.7130659336522347,COMPLETE
79,79,0.885666246321984,2025-05-02 19:02:34.933235,2025-05-02 19:02:35.215597,0 days 00:00:00.282362,3.8906,1,1.910600470249333,COMPLETE
80,80,0.7116832645129949,2025-05-02 19:02:35.216351,2025-05-02 19:02:35.435986,0 days 00:00:00.219635,3.8906,2,1.2778849191611572,COMPLETE
81,81,0.885666246321984,2025-05-02 19:02:35.436739,2025-05-02 19:02:35.670616,0 days 00:00:00.233877,3.8906,1,1.6778698139624242,COMPLETE
82,82,0.885666246321984,2025-05-02 19:02:35.671363,2025-05-02 19:02:35.928595,0 days 00:00:00.257232,3.8906,1,1.3930732203597425,COMPLETE
83,83,0.885666246321984,2025-05-02 19:02:35.929053,2025-05-02 19:02:36.220411,0 days 00:00:00.291358,3.8906,1,1.6420000450294314,COMPLETE
84,84,0.885666246321984,2025-05-02 19:02:36.221627,2025-05-02 19:02:36.508433,0 days 00:00:00.286806,3.8906,1,1.796246858987349,COMPLETE
85,85,0.885666246321984,2025-05-02 19:02:36.510380,2025-05-02 19:02:36.809335,0 days 00:00:00.298955,3.8906,1,1.4908954720538954,COMPLETE
86,86,0.885666246321984,2025-05-02 19:02:36.810318,2025-05-02 19:02:37.000667,0 days 00:00:00.190349,3.8906,1,1.7601106437452423,COMPLETE
87,87,0.885666246321984,2025-05-02 19:02:37.001762,2025-05-02 19:02:37.321282,0 days 00:00:00.319520,3.8906,1,1.5864634995694833,COMPLETE
88,88,0.885666246321984,2025-05-02 19:02:37.322286,2025-05-02 19:02:37.493380,0 days 00:00:00.171094,3.8906,1,1.6616589480721802,COMPLETE
89,89,0.885666246321984,2025-05-02 19:02:37.494454,2025-05-02 19:02:37.905272,0 days 00:00:00.410818,3.8906,1,1.9263481847736965,COMPLETE
90,90,0.885666246321984,2025-05-02 19:02:37.906430,2025-05-02 19:02:38.176798,0 days 00:00:00.270368,3.8906,1,1.8165654618807265,COMPLETE
91,91,0.885666246321984,2025-05-02 19:02:38.177989,2025-05-02 19:02:38.394743,0 days 00:00:00.216754,3.8906,1,1.6079505816080124,COMPLETE
92,92,0.885666246321984,2025-05-02 19:02:38.395169,2025-05-02 19:02:38.607523,0 days 00:00:00.212354,3.8906,1,1.5306424087984571,COMPLETE
93,93,0.885666246321984,2025-05-02 19:02:38.608461,2025-05-02 19:02:38.862590,0 days 00:00:00.254129,3.8906,1,1.7140212461233113,COMPLETE
94,94,0.885666246321984,2025-05-02 19:02:38.863565,2025-05-02 19:02:39.187600,0 days 00:00:00.324035,3.8906,1,1.5447402560584151,COMPLETE
95,95,0.885666246321984,2025-05-02 19:02:39.188537,2025-05-02 19:02:39.381724,0 days 00:00:00.193187,3.8906,1,1.4417319009897385,COMPLETE
96,96,0.885666246321984,2025-05-02 19:02:39.382781,2025-05-02 19:02:39.652450,0 days 00:00:00.269669,3.8906,1,1.6148705206187453,COMPLETE
97,97,0.885666246321984,2025-05-02 19:02:39.653420,2025-05-02 19:02:39.962467,0 days 00:00:00.309047,3.8906,1,1.575962672219169,COMPLETE
98,98,0.885666246321984,2025-05-02 19:02:39.972726,2025-05-02 19:02:40.229589,0 days 00:00:00.256863,3.8906,1,1.8428647471742097,COMPLETE
99,99,0.885666246321984,2025-05-02 19:02:40.230675,2025-05-02 19:02:40.390093,0 days 00:00:00.159418,3.8906,1,1.751971225349004,COMPLETE
