,number,value,datetime_start,datetime_complete,duration,params_c_alpha,params_n_components,params_threshold_mult,state
0,0,0.15294117647058822,2025-05-02 18:17:21.875165,2025-05-02 18:17:22.036767,0 days 00:00:00.161602,3.8906,13,1.8046068757944378,COMPLETE
1,1,0.08026388125343596,2025-05-02 18:17:22.037841,2025-05-02 18:17:22.250439,0 days 00:00:00.212598,3.8906,24,1.4879658727895673,COMPLETE
2,2,0.06146841206602163,2025-05-02 18:17:22.251418,2025-05-02 18:17:22.408984,0 days 00:00:00.157566,3.8906,22,1.9497013269460024,COMPLETE
3,3,0.14732510288065845,2025-05-02 18:17:22.409951,2025-05-02 18:17:22.566032,0 days 00:00:00.156081,3.8906,11,0.7766000717777929,COMPLETE
4,4,0.1578336557059961,2025-05-02 18:17:22.567005,2025-05-02 18:17:22.722600,0 days 00:00:00.155595,3.8906,12,0.5338570197415923,COMPLETE
5,5,0.2111970869367319,2025-05-02 18:17:22.723574,2025-05-02 18:17:22.881786,0 days 00:00:00.158212,3.8906,9,1.2291009386305427,COMPLETE
6,6,0.23749027741768217,2025-05-02 18:17:22.882751,2025-05-02 18:17:23.068531,0 days 00:00:00.185780,3.8906,9,1.4498658188217672,COMPLETE
7,7,0.17010935601458077,2025-05-02 18:17:23.069498,2025-05-02 18:17:23.231849,0 days 00:00:00.162351,3.8906,15,0.5342583618524672,COMPLETE
8,8,0.13403416557161626,2025-05-02 18:17:23.232956,2025-05-02 18:17:23.390490,0 days 00:00:00.157534,3.8906,28,0.5420307363554303,COMPLETE
9,9,0.17681845062093435,2025-05-02 18:17:23.391473,2025-05-02 18:17:23.552072,0 days 00:00:00.160599,3.8906,10,1.8138770812921707,COMPLETE
10,10,0.003451251078515962,2025-05-02 18:17:23.553051,2025-05-02 18:17:23.749562,0 days 00:00:00.196511,3.8906,3,1.1489630452231503,COMPLETE
11,11,0.23274215552523872,2025-05-02 18:17:23.750545,2025-05-02 18:17:23.964313,0 days 00:00:00.213768,3.8906,4,1.2639774840231013,COMPLETE
12,12,0.003457216940363008,2025-05-02 18:17:23.966009,2025-05-02 18:17:24.193699,0 days 00:00:00.227690,3.8906,3,1.4034710900463232,COMPLETE
13,13,0.10831937465103295,2025-05-02 18:17:24.194679,2025-05-02 18:17:24.485113,0 days 00:00:00.290434,3.8906,6,0.9123652571159075,COMPLETE
14,14,0.10896483407627537,2025-05-02 18:17:24.485734,2025-05-02 18:17:24.714486,0 days 00:00:00.228752,3.8906,18,1.5443618992894264,COMPLETE
15,15,0.26345657781599313,2025-05-02 18:17:24.715484,2025-05-02 18:17:24.925330,0 days 00:00:00.209846,3.8906,6,0.14735342017310815,COMPLETE
16,16,0.23873926849347288,2025-05-02 18:17:24.926336,2025-05-02 18:17:25.139750,0 days 00:00:00.213414,3.8906,8,0.2914178142886732,COMPLETE
17,17,0.2394349617422013,2025-05-02 18:17:25.140778,2025-05-02 18:17:25.352762,0 days 00:00:00.211984,3.8906,7,0.2878689897207817,COMPLETE
18,18,0.1792284866468843,2025-05-02 18:17:25.353778,2025-05-02 18:17:25.549916,0 days 00:00:00.196138,3.8906,18,0.10033547627087627,COMPLETE
19,19,0.22677234698370763,2025-05-02 18:17:25.550925,2025-05-02 18:17:25.743953,0 days 00:00:00.193028,3.8906,7,0.11667476441181442,COMPLETE
20,20,0.36558044806517315,2025-05-02 18:17:25.744960,2025-05-02 18:17:25.944095,0 days 00:00:00.199135,3.8906,6,0.34841157518324356,COMPLETE
21,21,0.3511338697878566,2025-05-02 18:17:25.945113,2025-05-02 18:17:26.140760,0 days 00:00:00.195647,3.8906,6,0.33028283918881246,COMPLETE
22,22,0.4383480825958702,2025-05-02 18:17:26.141861,2025-05-02 18:17:26.337641,0 days 00:00:00.195780,3.8906,5,0.31270671535411243,COMPLETE
23,23,0.1205564142194745,2025-05-02 18:17:26.338652,2025-05-02 18:17:26.535301,0 days 00:00:00.196649,3.8906,5,0.7497065032309698,COMPLETE
24,24,0.16489361702127658,2025-05-02 18:17:26.536319,2025-05-02 18:17:26.735492,0 days 00:00:00.199173,3.8906,14,0.3933605882681276,COMPLETE
25,25,0.2848214285714286,2025-05-02 18:17:26.736519,2025-05-02 18:17:26.943079,0 days 00:00:00.206560,3.8906,5,0.6866390287627379,COMPLETE
26,26,0.17445255474452553,2025-05-02 18:17:26.944095,2025-05-02 18:17:27.135971,0 days 00:00:00.191876,3.8906,11,0.3562697325538986,COMPLETE
27,27,0.10460438086723291,2025-05-02 18:17:27.136978,2025-05-02 18:17:27.353642,0 days 00:00:00.216664,3.8906,16,0.9728265727888059,COMPLETE
28,28,0.12315270935960593,2025-05-02 18:17:27.354668,2025-05-02 18:17:27.566794,0 days 00:00:00.212126,3.8906,3,0.4412598826685381,COMPLETE
29,29,0.14775072224515062,2025-05-02 18:17:27.567813,2025-05-02 18:17:27.791831,0 days 00:00:00.224018,3.8906,13,0.6532001933784833,COMPLETE
30,30,0.16919447253117625,2025-05-02 18:17:27.792845,2025-05-02 18:17:27.992038,0 days 00:00:00.199193,3.8906,29,0.2633895537114042,COMPLETE
31,31,0.2759515570934256,2025-05-02 18:17:27.993062,2025-05-02 18:17:28.199967,0 days 00:00:00.206905,3.8906,5,0.6735640876471369,COMPLETE
32,32,0.28468624064478987,2025-05-02 18:17:28.201035,2025-05-02 18:17:28.433643,0 days 00:00:00.232608,3.8906,8,0.44248086204266834,COMPLETE
33,33,0.259421265141319,2025-05-02 18:17:28.434651,2025-05-02 18:17:28.712868,0 days 00:00:00.278217,3.8906,5,0.20282820844253932,COMPLETE
34,34,0.11715867158671586,2025-05-02 18:17:28.713884,2025-05-02 18:17:28.950309,0 days 00:00:00.236425,3.8906,24,0.8291955282388179,COMPLETE
35,35,0.24993675689349865,2025-05-02 18:17:28.951338,2025-05-02 18:17:29.183595,0 days 00:00:00.232257,3.8906,7,0.592907902884706,COMPLETE
36,36,0.17535903250188964,2025-05-02 18:17:29.184601,2025-05-02 18:17:29.457571,0 days 00:00:00.272970,3.8906,11,0.44622396481305127,COMPLETE
37,37,0.3091718610863758,2025-05-02 18:17:29.458581,2025-05-02 18:17:29.751685,0 days 00:00:00.293104,3.8906,9,0.7473401205850883,COMPLETE
38,38,0.3100608664518439,2025-05-02 18:17:29.752692,2025-05-02 18:17:29.972741,0 days 00:00:00.220049,3.8906,9,0.827170032060448,COMPLETE
39,39,0.1786205001374004,2025-05-02 18:17:29.973773,2025-05-02 18:17:30.199581,0 days 00:00:00.225808,3.8906,10,1.042518500585956,COMPLETE
40,40,0.1702127659574468,2025-05-02 18:17:30.200595,2025-05-02 18:17:30.402329,0 days 00:00:00.201734,3.8906,13,0.23168157457697564,COMPLETE
41,41,0.30967280529232966,2025-05-02 18:17:30.403355,2025-05-02 18:17:30.633915,0 days 00:00:00.230560,3.8906,9,0.8151352483839835,COMPLETE
42,42,0.28162511542012925,2025-05-02 18:17:30.634932,2025-05-02 18:17:30.868515,0 days 00:00:00.233583,3.8906,8,0.8890795505113405,COMPLETE
43,43,0.21026490066225165,2025-05-02 18:17:30.869512,2025-05-02 18:17:31.064223,0 days 00:00:00.194711,3.8906,10,0.535713938852668,COMPLETE
44,44,0.24350649350649348,2025-05-02 18:17:31.065230,2025-05-02 18:17:31.257399,0 days 00:00:00.192169,3.8906,4,1.1188639144821548,COMPLETE
45,45,0.30947334094244255,2025-05-02 18:17:31.258411,2025-05-02 18:17:31.482215,0 days 00:00:00.223804,3.8906,9,0.3591632774904489,COMPLETE
46,46,0.09632571996027804,2025-05-02 18:17:31.483564,2025-05-02 18:17:31.693740,0 days 00:00:00.210176,3.8906,20,1.3040696103209755,COMPLETE
47,47,0.15069033530571993,2025-05-02 18:17:31.694744,2025-05-02 18:17:31.898951,0 days 00:00:00.204207,3.8906,12,0.605774899040417,COMPLETE
48,48,0.03236797274275979,2025-05-02 18:17:31.899943,2025-05-02 18:17:32.108530,0 days 00:00:00.208587,3.8906,6,1.6441336499206336,COMPLETE
49,49,0.2528252299605782,2025-05-02 18:17:32.109527,2025-05-02 18:17:32.307214,0 days 00:00:00.197687,3.8906,4,0.8493907221563277,COMPLETE
50,50,0.23096212221195725,2025-05-02 18:17:32.308205,2025-05-02 18:17:32.512638,0 days 00:00:00.204433,3.8906,7,0.9690474978320409,COMPLETE
51,51,0.30927498367080336,2025-05-02 18:17:32.513632,2025-05-02 18:17:32.704524,0 days 00:00:00.190892,3.8906,9,0.3640128492366035,COMPLETE
52,52,0.28472222222222227,2025-05-02 18:17:32.705520,2025-05-02 18:17:32.939275,0 days 00:00:00.233755,3.8906,8,0.4902326468907984,COMPLETE
53,53,0.35236461651555995,2025-05-02 18:17:32.940283,2025-05-02 18:17:33.169006,0 days 00:00:00.228723,3.8906,6,0.3413343039753104,COMPLETE
54,54,0.26648064178583886,2025-05-02 18:17:33.169944,2025-05-02 18:17:33.355858,0 days 00:00:00.185914,3.8906,6,0.17512012216405423,COMPLETE
55,55,0.24465127523268465,2025-05-02 18:17:33.356509,2025-05-02 18:17:33.523662,0 days 00:00:00.167153,3.8906,4,0.3390862129266275,COMPLETE
56,56,0.1771264733991717,2025-05-02 18:17:33.524288,2025-05-02 18:17:33.680404,0 days 00:00:00.156116,3.8906,3,0.29785886593175626,COMPLETE
57,57,0.25855210819411295,2025-05-02 18:17:33.681044,2025-05-02 18:17:33.835331,0 days 00:00:00.154287,3.8906,6,0.5887335799081919,COMPLETE
58,58,0.17183951551854654,2025-05-02 18:17:33.835966,2025-05-02 18:17:33.984890,0 days 00:00:00.148924,3.8906,12,0.4872989885048854,COMPLETE
59,59,0.24933078393881455,2025-05-02 18:17:33.985807,2025-05-02 18:17:34.137029,0 days 00:00:00.151222,3.8906,7,0.7593387635011826,COMPLETE
60,60,0.25707625707625703,2025-05-02 18:17:34.137682,2025-05-02 18:17:34.287895,0 days 00:00:00.150213,3.8906,5,0.1930829644842032,COMPLETE
61,61,0.30847568988173457,2025-05-02 18:17:34.288612,2025-05-02 18:17:34.440382,0 days 00:00:00.151770,3.8906,9,0.389941180491007,COMPLETE
62,62,0.3458333333333333,2025-05-02 18:17:34.441024,2025-05-02 18:17:34.614850,0 days 00:00:00.173826,3.8906,10,0.32249133480696346,COMPLETE
63,63,0.28649035025017866,2025-05-02 18:17:34.615498,2025-05-02 18:17:34.766467,0 days 00:00:00.150969,3.8906,10,0.271847239139485,COMPLETE
64,64,0.18586126783936277,2025-05-02 18:17:34.767103,2025-05-02 18:17:34.922972,0 days 00:00:00.155869,3.8906,15,0.1337035995347075,COMPLETE
65,65,0.25181228538725675,2025-05-02 18:17:34.923634,2025-05-02 18:17:35.072568,0 days 00:00:00.148934,3.8906,6,0.4680100414111368,COMPLETE
66,66,0.360313315926893,2025-05-02 18:17:35.073202,2025-05-02 18:17:35.223450,0 days 00:00:00.150248,3.8906,8,1.9108987877695967,COMPLETE
67,67,0.1600413009808983,2025-05-02 18:17:35.224090,2025-05-02 18:17:35.374306,0 days 00:00:00.150216,3.8906,11,1.7647717512468621,COMPLETE
68,68,0.25534477566997893,2025-05-02 18:17:35.374969,2025-05-02 18:17:35.525940,0 days 00:00:00.150971,3.8906,7,1.428754138372457,COMPLETE
69,69,0.29911190053285963,2025-05-02 18:17:35.526593,2025-05-02 18:17:35.688880,0 days 00:00:00.162287,3.8906,8,1.349141956735803,COMPLETE
70,70,0.22966639095671354,2025-05-02 18:17:35.689531,2025-05-02 18:17:35.839242,0 days 00:00:00.149711,3.8906,4,1.8340036755607558,COMPLETE
71,71,0.275,2025-05-02 18:17:35.839892,2025-05-02 18:17:36.006760,0 days 00:00:00.166868,3.8906,8,1.1903017765643957,COMPLETE
72,72,0.0410958904109589,2025-05-02 18:17:36.007405,2025-05-02 18:17:36.161149,0 days 00:00:00.153744,3.8906,5,1.9236036146053466,COMPLETE
73,73,0.2889305816135085,2025-05-02 18:17:36.161802,2025-05-02 18:17:36.317038,0 days 00:00:00.155236,3.8906,10,0.2904828828156932,COMPLETE
74,74,0.07982261640798227,2025-05-02 18:17:36.317718,2025-05-02 18:17:36.491217,0 days 00:00:00.173499,3.8906,26,1.5395536291651708,COMPLETE
75,75,0.16802030456852793,2025-05-02 18:17:36.491884,2025-05-02 18:17:36.650651,0 days 00:00:00.158767,3.8906,3,0.22907824884542227,COMPLETE
76,76,0.24755053950142628,2025-05-02 18:17:36.651290,2025-05-02 18:17:36.855734,0 days 00:00:00.204444,3.8906,7,0.40973747132753924,COMPLETE
77,77,0.14997832683138276,2025-05-02 18:17:36.856377,2025-05-02 18:17:37.048431,0 days 00:00:00.192054,3.8906,12,1.045478004549173,COMPLETE
78,78,0.2726125368111064,2025-05-02 18:17:37.049071,2025-05-02 18:17:37.224195,0 days 00:00:00.175124,3.8906,6,0.6402127604021907,COMPLETE
79,79,0.15403225806451612,2025-05-02 18:17:37.224871,2025-05-02 18:17:37.377947,0 days 00:00:00.153076,3.8906,11,0.699980770586308,COMPLETE
80,80,0.32018038331454335,2025-05-02 18:17:37.378614,2025-05-02 18:17:37.531255,0 days 00:00:00.152641,3.8906,9,0.3274161009886706,COMPLETE
81,81,0.3203351595230422,2025-05-02 18:17:37.531909,2025-05-02 18:17:37.684346,0 days 00:00:00.152437,3.8906,9,0.32953039902580833,COMPLETE
82,82,0.4328223624887286,2025-05-02 18:17:37.684989,2025-05-02 18:17:37.851247,0 days 00:00:00.166258,3.8906,5,0.34389651895019985,COMPLETE
83,83,0.4364508393285372,2025-05-02 18:17:37.851920,2025-05-02 18:17:38.023754,0 days 00:00:00.171834,3.8906,5,0.33895277305436083,COMPLETE
84,84,0.25918367346938775,2025-05-02 18:17:38.024414,2025-05-02 18:17:38.243506,0 days 00:00:00.219092,3.8906,5,0.23468289064870562,COMPLETE
85,85,0.2497212931995541,2025-05-02 18:17:38.244144,2025-05-02 18:17:38.439730,0 days 00:00:00.195586,3.8906,4,0.40558094123652155,COMPLETE
86,86,0.24796900387451568,2025-05-02 18:17:38.440387,2025-05-02 18:17:38.665003,0 days 00:00:00.224616,3.8906,7,0.510248795240341,COMPLETE
87,87,0.2261401719364709,2025-05-02 18:17:38.665665,2025-05-02 18:17:38.827587,0 days 00:00:00.161922,3.8906,5,0.15768891857517942,COMPLETE
88,88,0.22815372688005317,2025-05-02 18:17:38.828224,2025-05-02 18:17:38.999636,0 days 00:00:00.171412,3.8906,4,0.10174162756971558,COMPLETE
89,89,0.3274296094459582,2025-05-02 18:17:39.000287,2025-05-02 18:17:39.153375,0 days 00:00:00.153088,3.8906,6,0.3165129892091925,COMPLETE
90,90,0.23529411764705885,2025-05-02 18:17:39.154038,2025-05-02 18:17:39.307081,0 days 00:00:00.153043,3.8906,6,0.4117890267217824,COMPLETE
91,91,0.11614875191034131,2025-05-02 18:17:39.307738,2025-05-02 18:17:39.472530,0 days 00:00:00.164792,3.8906,3,0.33685225160880433,COMPLETE
92,92,0.23071718538565628,2025-05-02 18:17:39.473175,2025-05-02 18:17:39.624906,0 days 00:00:00.151731,3.8906,7,0.2185380438283543,COMPLETE
93,93,0.3191582639193336,2025-05-02 18:17:39.625572,2025-05-02 18:17:39.810875,0 days 00:00:00.185303,3.8906,6,0.30616221927897286,COMPLETE
94,94,0.23193699349389343,2025-05-02 18:17:39.811550,2025-05-02 18:17:39.977349,0 days 00:00:00.165799,3.8906,8,0.2480585903810233,COMPLETE
95,95,0.25,2025-05-02 18:17:39.978005,2025-05-02 18:17:40.184532,0 days 00:00:00.206527,3.8906,5,0.4434097633693924,COMPLETE
96,96,0.2564503518373729,2025-05-02 18:17:40.185558,2025-05-02 18:17:40.360197,0 days 00:00:00.174639,3.8906,6,0.5480893186378661,COMPLETE
97,97,0.24888998519980263,2025-05-02 18:17:40.360864,2025-05-02 18:17:40.531341,0 days 00:00:00.170477,3.8906,4,0.3894941568124736,COMPLETE
98,98,0.43158529234478604,2025-05-02 18:17:40.532064,2025-05-02 18:17:40.706732,0 days 00:00:00.174668,3.8906,5,0.35224333809215946,COMPLETE
99,99,0.25553719008264464,2025-05-02 18:17:40.707386,2025-05-02 18:17:40.880866,0 days 00:00:00.173480,3.8906,5,0.1839113492191739,COMPLETE
