,number,value,datetime_start,datetime_complete,duration,params_anomaly_threshold,params_max_dist,params_num_bootstrap_samples,state
0,0,0.5848549946294308,2025-05-02 19:02:16.539109,2025-05-02 19:03:36.768655,0 days 00:01:20.229546,0.4200394382988013,0.6204391925757533,2500,COMPLETE
1,1,0.0,2025-05-02 19:03:36.769587,2025-05-02 19:03:56.611909,0 days 00:00:19.842322,0.6798711361863841,0.5697115562255952,2000,COMPLETE
2,2,0.5853265251276539,2025-05-02 19:03:56.612772,2025-05-02 19:03:59.432595,0 days 00:00:02.819823,0.32212329963591574,0.443107123189851,500,COMPLETE
3,3,0.0,2025-05-02 19:03:59.432972,2025-05-02 19:04:01.800679,0 days 00:00:02.367707,0.8493063386828548,0.7478232203403711,500,COMPLETE
4,4,0.0,2025-05-02 19:04:01.801051,2025-05-02 19:06:51.383835,0 days 00:02:49.582784,0.8066923353653059,0.5897548505382204,5000,COMPLETE
5,5,0.5789473684210527,2025-05-02 19:06:51.384706,2025-05-02 19:06:53.673795,0 days 00:00:02.289089,0.3213143977622677,0.6691596509919028,500,COMPLETE
6,6,0.5853265251276539,2025-05-02 19:06:53.674171,2025-05-02 19:07:33.588409,0 days 00:00:39.914238,0.48886060609591175,0.3934457320940725,3000,COMPLETE
7,7,0.0,2025-05-02 19:07:33.589281,2025-05-02 19:07:39.036687,0 days 00:00:05.447406,0.8241446423650136,0.752313401481292,1000,COMPLETE
8,8,0.5853265251276539,2025-05-02 19:07:39.037058,2025-05-02 19:08:48.796553,0 days 00:01:09.759495,0.5460297616295989,0.4498600635707133,4000,COMPLETE
9,9,0.0,2025-05-02 19:08:48.797431,2025-05-02 19:10:16.506429,0 days 00:01:27.708998,0.8379157558197547,0.34995081793308075,4500,COMPLETE
10,10,0.5853265251276539,2025-05-02 19:10:16.507287,2025-05-02 19:10:27.836092,0 days 00:00:11.328805,0.30298073694762345,0.47848029180498586,1500,COMPLETE
11,11,0.5853265251276539,2025-05-02 19:10:27.836595,2025-05-02 19:11:07.957186,0 days 00:00:40.120591,0.476785477414119,0.3330409147212677,3000,COMPLETE
12,12,0.5853265251276539,2025-05-02 19:11:07.958073,2025-05-02 19:12:01.759464,0 days 00:00:53.801391,0.4137030849177323,0.43374515793997714,3500,COMPLETE
13,13,0.5849462365591398,2025-05-02 19:12:01.760359,2025-05-02 19:12:30.236556,0 days 00:00:28.476197,0.6269801571518343,0.39324195099583675,2500,COMPLETE
14,14,0.5853265251276539,2025-05-02 19:12:30.237033,2025-05-02 19:13:24.467745,0 days 00:00:54.230712,0.5288523688982854,0.5077613548345494,3500,COMPLETE
15,15,0.5853265251276539,2025-05-02 19:13:24.468639,2025-05-02 19:13:35.943932,0 days 00:00:11.475293,0.37911197997458185,0.39249888432961805,1500,COMPLETE
16,16,0.0,2025-05-02 19:13:35.944315,2025-05-02 19:14:16.115977,0 days 00:00:40.171662,0.6973005304750297,0.3020426245342842,3000,COMPLETE
17,17,0.5853265251276539,2025-05-02 19:14:16.116835,2025-05-02 19:14:34.693742,0 days 00:00:18.576907,0.48049696796018254,0.5236595966810974,2000,COMPLETE
18,18,0.5853265251276539,2025-05-02 19:14:34.694214,2025-05-02 19:15:43.983985,0 days 00:01:09.289771,0.36026858511442555,0.4121236750158949,4000,COMPLETE
19,19,0.5853265251276539,2025-05-02 19:15:43.984859,2025-05-02 19:15:55.281926,0 days 00:00:11.297067,0.4600138565288471,0.4805076093117517,1500,COMPLETE
20,20,0.5853265251276539,2025-05-02 19:15:55.282295,2025-05-02 19:16:13.826236,0 days 00:00:18.543941,0.564653150722048,0.3625752974819314,2000,COMPLETE
21,21,0.5849462365591398,2025-05-02 19:16:13.826712,2025-05-02 19:17:23.009635,0 days 00:01:09.182923,0.6271440824040466,0.44942311321280864,4000,COMPLETE
22,22,0.5853265251276539,2025-05-02 19:17:23.010532,2025-05-02 19:18:16.672074,0 days 00:00:53.661542,0.5231059029806197,0.45307340971620225,3500,COMPLETE
23,23,0.5853265251276539,2025-05-02 19:18:16.672957,2025-05-02 19:20:03.787478,0 days 00:01:47.114521,0.5824412306779165,0.5318477082905338,5000,COMPLETE
24,24,0.0,2025-05-02 19:20:03.788364,2025-05-02 19:21:13.219759,0 days 00:01:09.431395,0.6955244704739875,0.3758231533749946,4000,COMPLETE
25,25,0.0,2025-05-02 19:21:13.220621,2025-05-02 19:22:40.407885,0 days 00:01:27.187264,0.7564769136409231,0.4240839856015016,4500,COMPLETE
26,26,0.5853265251276539,2025-05-02 19:22:40.408774,2025-05-02 19:23:20.153403,0 days 00:00:39.744629,0.4337187207838655,0.48566318959252347,3000,COMPLETE
27,27,0.5853265251276539,2025-05-02 19:23:20.154283,2025-05-02 19:24:47.275228,0 days 00:01:27.120945,0.5134422825253458,0.30468409641349814,4500,COMPLETE
28,28,0.5808,2025-05-02 19:24:47.276111,2025-05-02 19:25:15.014824,0 days 00:00:27.738713,0.35895272346132545,0.6378368145872853,2500,COMPLETE
29,29,0.5853265251276539,2025-05-02 19:25:15.015310,2025-05-02 19:26:08.526233,0 days 00:00:53.510923,0.4249042209120183,0.542581888692684,3500,COMPLETE
30,30,0.5849462365591398,2025-05-02 19:26:08.527118,2025-05-02 19:26:48.314003,0 days 00:00:39.786885,0.6221622019807705,0.46544451501523265,3000,COMPLETE
31,31,0.5853265251276539,2025-05-02 19:26:48.314888,2025-05-02 19:26:54.288963,0 days 00:00:05.974075,0.334058269361978,0.5015795887961796,1000,COMPLETE
32,32,0.5853265251276539,2025-05-02 19:26:54.289340,2025-05-02 19:27:00.276191,0 days 00:00:05.986851,0.30117944828693916,0.5772072493056398,1000,COMPLETE
33,33,0.5853265251276539,2025-05-02 19:27:00.276571,2025-05-02 19:27:11.531066,0 days 00:00:11.254495,0.3963011298109928,0.4232244557169648,1500,COMPLETE
34,34,0.5025079799361606,2025-05-02 19:27:11.531555,2025-05-02 19:27:13.817623,0 days 00:00:02.286068,0.30196698060141824,0.7942705941033233,500,COMPLETE
35,35,0.5853265251276539,2025-05-02 19:27:13.817984,2025-05-02 19:27:41.958050,0 days 00:00:28.140066,0.3458390614269401,0.396138977222386,2500,COMPLETE
36,36,0.5853265251276539,2025-05-02 19:27:41.958832,2025-05-02 19:28:00.582065,0 days 00:00:18.623233,0.552494754657795,0.4723724149788156,2000,COMPLETE
37,37,0.0,2025-05-02 19:28:00.582565,2025-05-02 19:28:03.437799,0 days 00:00:02.855234,0.898310461742332,0.5605109662420453,500,COMPLETE
38,38,0.5853265251276539,2025-05-02 19:28:03.438563,2025-05-02 19:28:09.421411,0 days 00:00:05.982848,0.45220276185338254,0.33625319904330875,1000,COMPLETE
39,39,0.3325942350332594,2025-05-02 19:28:09.421782,2025-05-02 19:28:20.088908,0 days 00:00:10.667126,0.6674932945368526,0.6282566668359609,1500,COMPLETE
40,40,0.5853265251276539,2025-05-02 19:28:20.089282,2025-05-02 19:28:22.931029,0 days 00:00:02.841747,0.5000595451957355,0.44540487559942543,500,COMPLETE
41,41,0.5853265251276539,2025-05-02 19:28:22.931531,2025-05-02 19:29:02.630132,0 days 00:00:39.698601,0.48113382428542717,0.3511687403459721,3000,COMPLETE
42,42,0.5853265251276539,2025-05-02 19:29:02.630914,2025-05-02 19:29:21.219074,0 days 00:00:18.588160,0.387287328135846,0.3275070889364571,2000,COMPLETE
43,43,0.5853265251276539,2025-05-02 19:29:21.219574,2025-05-02 19:30:14.047671,0 days 00:00:52.828097,0.5534580444528976,0.3698269880353098,3500,COMPLETE
44,44,0.5853265251276539,2025-05-02 19:30:14.048568,2025-05-02 19:30:40.381550,0 days 00:00:26.332982,0.4566585615741069,0.4083939330365615,2500,COMPLETE
45,45,0.5853265251276539,2025-05-02 19:30:40.382039,2025-05-02 19:31:06.852513,0 days 00:00:26.470474,0.4075111139619767,0.5034926830113593,2500,COMPLETE
46,46,0.5853265251276539,2025-05-02 19:31:06.853360,2025-05-02 19:31:44.089729,0 days 00:00:37.236369,0.593950892586436,0.38106971358950625,3000,COMPLETE
47,47,0.5853265251276539,2025-05-02 19:31:44.090591,2025-05-02 19:32:48.577585,0 days 00:01:04.486994,0.4820418504638704,0.6985293989750597,4000,COMPLETE
48,48,0.5853265251276539,2025-05-02 19:32:48.578417,2025-05-02 19:33:06.055869,0 days 00:00:17.477452,0.536696541438172,0.3227167995547814,2000,COMPLETE
49,49,0.5853265251276539,2025-05-02 19:33:06.056345,2025-05-02 19:34:46.845861,0 days 00:01:40.789516,0.3800541701926796,0.43340809098094835,5000,COMPLETE
50,50,0.5853265251276539,2025-05-02 19:34:46.846704,2025-05-02 19:34:52.473259,0 days 00:00:05.626555,0.4401944923550899,0.39994488688122753,1000,COMPLETE
51,51,0.5853265251276539,2025-05-02 19:34:52.473628,2025-05-02 19:35:42.686512,0 days 00:00:50.212884,0.33257365873889055,0.44539439399085134,3500,COMPLETE
52,52,0.5853265251276539,2025-05-02 19:35:42.687362,2025-05-02 19:36:32.943030,0 days 00:00:50.255668,0.36232890881806346,0.48241005026456124,3500,COMPLETE
53,53,0.5853265251276539,2025-05-02 19:36:32.943880,2025-05-02 19:37:10.158442,0 days 00:00:37.214562,0.4149911683874373,0.35060952624844466,3000,COMPLETE
54,54,0.5853265251276539,2025-05-02 19:37:10.159289,2025-05-02 19:38:14.950640,0 days 00:01:04.791351,0.3148441214464124,0.42696565767544614,4000,COMPLETE
55,55,0.5853265251276539,2025-05-02 19:38:14.951488,2025-05-02 19:39:36.479278,0 days 00:01:21.527790,0.5078872086476578,0.5160542850389509,4500,COMPLETE
56,56,0.5853265251276539,2025-05-02 19:39:36.480120,2025-05-02 19:40:26.565114,0 days 00:00:50.084994,0.4697454474657329,0.4648140186388613,3500,COMPLETE
57,57,0.5853265251276539,2025-05-02 19:40:26.565990,2025-05-02 19:41:31.464676,0 days 00:01:04.898686,0.5767890786208582,0.41330503986776806,4000,COMPLETE
58,58,0.5853265251276539,2025-05-02 19:41:31.465533,2025-05-02 19:42:08.719963,0 days 00:00:37.254430,0.4959895030021202,0.38395504270625563,3000,COMPLETE
59,59,0.5853265251276539,2025-05-02 19:42:08.720864,2025-05-02 19:43:13.503889,0 days 00:01:04.783025,0.36470143472315436,0.49470581511950384,4000,COMPLETE
60,60,0.5853265251276539,2025-05-02 19:43:13.504745,2025-05-02 19:43:39.830157,0 days 00:00:26.325412,0.5318198046231921,0.45713770887356414,2500,COMPLETE
61,61,0.5853265251276539,2025-05-02 19:43:39.830641,2025-05-02 19:44:29.858672,0 days 00:00:50.028031,0.5373340814424128,0.5171024810844059,3500,COMPLETE
62,62,0.585169263836647,2025-05-02 19:44:29.859527,2025-05-02 19:45:19.366169,0 days 00:00:49.506642,0.437482167857946,0.5965114473882317,3500,COMPLETE
63,63,0.5853265251276539,2025-05-02 19:45:19.367028,2025-05-02 19:45:56.694856,0 days 00:00:37.327828,0.609563410703617,0.5326846495525531,3000,COMPLETE
64,64,0.5853265251276539,2025-05-02 19:45:56.695735,2025-05-02 19:46:46.623368,0 days 00:00:49.927633,0.3297829403969837,0.4411595464899875,3500,COMPLETE
65,65,0.5853265251276539,2025-05-02 19:46:46.624278,2025-05-02 19:47:51.360747,0 days 00:01:04.736469,0.40217390213234105,0.4742166343946831,4000,COMPLETE
66,66,0.5853265251276539,2025-05-02 19:47:51.361602,2025-05-02 19:48:28.494594,0 days 00:00:37.132992,0.5181264968997868,0.4955485621075085,3000,COMPLETE
67,67,0.5853265251276539,2025-05-02 19:48:28.495516,2025-05-02 19:49:50.207815,0 days 00:01:21.712299,0.5673289120927443,0.4139426893361058,4500,COMPLETE
68,68,0.5853265251276539,2025-05-02 19:49:50.208676,2025-05-02 19:50:00.730026,0 days 00:00:10.521350,0.4916333318223758,0.3632429126684311,1500,COMPLETE
69,69,0.5853265251276539,2025-05-02 19:50:00.730400,2025-05-02 19:50:26.967598,0 days 00:00:26.237198,0.34524687667303283,0.4585187288646674,2500,COMPLETE
70,70,0.0,2025-05-02 19:50:26.968078,2025-05-02 19:51:16.962913,0 days 00:00:49.994835,0.6647775819556498,0.3162214335545136,3500,COMPLETE
71,71,0.5853265251276539,2025-05-02 19:51:16.963763,2025-05-02 19:51:19.630987,0 days 00:00:02.667224,0.4233112038680741,0.39754903304419864,500,COMPLETE
72,72,0.5853265251276539,2025-05-02 19:51:19.631370,2025-05-02 19:51:30.260908,0 days 00:00:10.629538,0.3871096622036506,0.43016324600150274,1500,COMPLETE
73,73,0.5853265251276539,2025-05-02 19:51:30.261397,2025-05-02 19:52:07.854481,0 days 00:00:37.593084,0.3009606558401138,0.3871790084777304,3000,COMPLETE
74,74,0.5853265251276539,2025-05-02 19:52:07.855355,2025-05-02 19:52:18.437189,0 days 00:00:10.581834,0.37474599332677594,0.5508861749955698,1500,COMPLETE
75,75,0.5853265251276539,2025-05-02 19:52:18.437562,2025-05-02 19:52:24.050985,0 days 00:00:05.613423,0.4672478040217491,0.33776328958908564,1000,COMPLETE
76,76,0.5853265251276539,2025-05-02 19:52:24.051370,2025-05-02 19:52:41.535377,0 days 00:00:17.484007,0.3467294733466867,0.48204713771052177,2000,COMPLETE
77,77,0.5853265251276539,2025-05-02 19:52:41.536116,2025-05-02 19:53:18.596443,0 days 00:00:37.060327,0.31389781999665317,0.4375145511741061,3000,COMPLETE
78,78,0.5853265251276539,2025-05-02 19:53:18.597293,2025-05-02 19:53:21.268293,0 days 00:00:02.671000,0.4509914851778972,0.3722256080026141,500,COMPLETE
79,79,0.5853265251276539,2025-05-02 19:53:21.268675,2025-05-02 19:54:11.508006,0 days 00:00:50.239331,0.5504203664010638,0.41728886866719234,3500,COMPLETE
80,80,0.0,2025-05-02 19:54:11.508879,2025-05-02 19:55:16.594502,0 days 00:01:05.085623,0.7599869049174655,0.5098152405867755,4000,COMPLETE
81,81,0.5853265251276539,2025-05-02 19:55:16.595352,2025-05-02 19:55:22.206802,0 days 00:00:05.611450,0.4775951752170821,0.5797543884942336,1000,COMPLETE
82,82,0.5853265251276539,2025-05-02 19:55:22.207171,2025-05-02 19:55:39.552263,0 days 00:00:17.345092,0.51586639792301,0.5334789214522805,2000,COMPLETE
83,83,0.5853265251276539,2025-05-02 19:55:39.552767,2025-05-02 19:56:05.783181,0 days 00:00:26.230414,0.4299180713344039,0.4683880052588788,2500,COMPLETE
84,84,0.5853265251276539,2025-05-02 19:56:05.783926,2025-05-02 19:56:16.269047,0 days 00:00:10.485121,0.4007695436907052,0.45258568013398404,1500,COMPLETE
85,85,0.5853265251276539,2025-05-02 19:56:16.269547,2025-05-02 19:56:33.715521,0 days 00:00:17.445974,0.4479699968385091,0.5200145369570823,2000,COMPLETE
86,86,0.5853265251276539,2025-05-02 19:56:33.716261,2025-05-02 19:56:51.230613,0 days 00:00:17.514352,0.488602792173333,0.49164817793243876,2000,COMPLETE
87,87,0.5853265251276539,2025-05-02 19:56:51.231105,2025-05-02 19:57:01.740308,0 days 00:00:10.509203,0.34912097948840226,0.30017166283493313,1500,COMPLETE
88,88,0.5853265251276539,2025-05-02 19:57:01.740690,2025-05-02 19:57:28.047993,0 days 00:00:26.307303,0.5019325216876349,0.4018595479253671,2500,COMPLETE
89,89,0.5853265251276539,2025-05-02 19:57:28.048742,2025-05-02 19:57:38.592795,0 days 00:00:10.544053,0.3730640407667611,0.35730780128131684,1500,COMPLETE
90,90,0.5853265251276539,2025-05-02 19:57:38.593289,2025-05-02 19:57:44.223810,0 days 00:00:05.630521,0.5891895590097362,0.5569462502391191,1000,COMPLETE
91,91,0.5853265251276539,2025-05-02 19:57:44.224177,2025-05-02 19:59:05.503636,0 days 00:01:21.279459,0.3157626643197774,0.4250187730337952,4500,COMPLETE
92,92,0.5853265251276539,2025-05-02 19:59:05.504503,2025-05-02 20:00:10.170637,0 days 00:01:04.666134,0.33033335810814957,0.4422114426492865,4000,COMPLETE
93,93,0.5853265251276539,2025-05-02 20:00:10.171525,2025-05-02 20:01:15.246585,0 days 00:01:05.075060,0.41572030716428193,0.40651014431177107,4000,COMPLETE
94,94,0.5853265251276539,2025-05-02 20:01:15.247464,2025-05-02 20:02:05.056011,0 days 00:00:49.808547,0.35972949700632384,0.39200035992101,3500,COMPLETE
95,95,0.5853265251276539,2025-05-02 20:02:05.056936,2025-05-02 20:02:42.487842,0 days 00:00:37.430906,0.5331368120967533,0.3371174743533601,3000,COMPLETE
96,96,0.5853265251276539,2025-05-02 20:02:42.488971,2025-05-02 20:03:47.367112,0 days 00:01:04.878141,0.3940069608704425,0.4748363291524794,4000,COMPLETE
97,97,0.5853265251276539,2025-05-02 20:03:47.367986,2025-05-02 20:04:37.559370,0 days 00:00:50.191384,0.4654567307038241,0.4630230000887782,3500,COMPLETE
98,98,0.5853265251276539,2025-05-02 20:04:37.560251,2025-05-02 20:05:59.381089,0 days 00:01:21.820838,0.564801318968303,0.37773026005831695,4500,COMPLETE
99,99,0.5853265251276539,2025-05-02 20:05:59.382021,2025-05-02 20:06:25.866048,0 days 00:00:26.484027,0.3215736647235713,0.4185774355481434,2500,COMPLETE
