,number,value,datetime_start,datetime_complete,duration,params_c_alpha,params_n_components,params_threshold_mult,state
0,0,0.10239549084077032,2025-05-02 18:27:47.195908,2025-05-02 18:27:48.172206,0 days 00:00:00.976298,3.8906,4,1.9911262695144054,COMPLETE
1,1,0.05529953917050691,2025-05-02 18:27:48.172670,2025-05-02 18:27:49.140758,0 days 00:00:00.968088,3.8906,3,1.662138533020474,COMPLETE
2,2,0.3563032022699635,2025-05-02 18:27:49.141717,2025-05-02 18:27:50.087770,0 days 00:00:00.946053,3.8906,4,0.1706614113227764,COMPLETE
3,3,0.09788953749438706,2025-05-02 18:27:50.089041,2025-05-02 18:27:50.858245,0 days 00:00:00.769204,3.8906,3,1.2411456882301766,COMPLETE
4,4,0.39468690702087283,2025-05-02 18:27:50.858676,2025-05-02 18:27:51.652692,0 days 00:00:00.794016,3.8906,16,1.3203224934953737,COMPLETE
5,5,0.7318718381112984,2025-05-02 18:27:51.653275,2025-05-02 18:27:52.573190,0 days 00:00:00.919915,3.8906,6,1.9163578343342444,COMPLETE
6,6,0.19162835712557466,2025-05-02 18:27:52.574490,2025-05-02 18:27:53.641504,0 days 00:00:01.067014,3.8906,4,0.4105748499318904,COMPLETE
7,7,0.42158946026349337,2025-05-02 18:27:53.642917,2025-05-02 18:27:54.541917,0 days 00:00:00.899000,3.8906,16,0.3855183249592037,COMPLETE
8,8,0.7464892830746489,2025-05-02 18:27:54.542938,2025-05-02 18:27:55.423136,0 days 00:00:00.880198,3.8906,11,0.6646183144570639,COMPLETE
9,9,0.026050917702782707,2025-05-02 18:27:55.424112,2025-05-02 18:27:56.400063,0 days 00:00:00.975951,3.8906,29,0.4800296016608949,COMPLETE
10,10,0.7450834879406307,2025-05-02 18:27:56.401023,2025-05-02 18:27:57.438502,0 days 00:00:01.037479,3.8906,11,0.8174038772037416,COMPLETE
11,11,0.7374219610723466,2025-05-02 18:27:57.438854,2025-05-02 18:27:58.367020,0 days 00:00:00.928166,3.8906,12,0.8192976775862433,COMPLETE
12,12,0.7450834879406307,2025-05-02 18:27:58.367362,2025-05-02 18:27:59.374729,0 days 00:00:01.007367,3.8906,11,0.8375978031356923,COMPLETE
13,13,0.07090103397341212,2025-05-02 18:27:59.375698,2025-05-02 18:28:00.479280,0 days 00:00:01.103582,3.8906,23,0.8311315184232814,COMPLETE
14,14,0.8202828561572957,2025-05-02 18:28:00.479898,2025-05-02 18:28:01.464022,0 days 00:00:00.984124,3.8906,10,1.0191642682002693,COMPLETE
15,15,0.3643336529242569,2025-05-02 18:28:01.464582,2025-05-02 18:28:02.411852,0 days 00:00:00.947270,3.8906,9,1.1050228404037175,COMPLETE
16,16,0.10407239819004525,2025-05-02 18:28:02.412238,2025-05-02 18:28:03.309261,0 days 00:00:00.897023,3.8906,20,1.5189925702784322,COMPLETE
17,17,0.4550686144311642,2025-05-02 18:28:03.309831,2025-05-02 18:28:04.340434,0 days 00:00:01.030603,3.8906,14,0.6132687076094038,COMPLETE
18,18,0.7346809854706253,2025-05-02 18:28:04.340821,2025-05-02 18:28:05.313838,0 days 00:00:00.973017,3.8906,8,1.1394001947720247,COMPLETE
19,19,0.07328730748805098,2025-05-02 18:28:05.314379,2025-05-02 18:28:06.221632,0 days 00:00:00.907253,3.8906,21,0.6252341348701586,COMPLETE
20,20,0.5981378026070764,2025-05-02 18:28:06.221967,2025-05-02 18:28:07.030113,0 days 00:00:00.808146,3.8906,8,1.4681717027317644,COMPLETE
21,21,0.7374219610723466,2025-05-02 18:28:07.030454,2025-05-02 18:28:07.670284,0 days 00:00:00.639830,3.8906,12,0.9761006446304139,COMPLETE
22,22,0.4502242152466368,2025-05-02 18:28:07.670644,2025-05-02 18:28:08.532071,0 days 00:00:00.861427,3.8906,14,0.9589732957925906,COMPLETE
23,23,0.8175884575747167,2025-05-02 18:28:08.532415,2025-05-02 18:28:09.175684,0 days 00:00:00.643269,3.8906,10,0.6892780279154529,COMPLETE
24,24,0.9005477082732777,2025-05-02 18:28:09.176019,2025-05-02 18:28:09.937031,0 days 00:00:00.761012,3.8906,9,0.620574335280348,COMPLETE
25,25,0.8660667019587083,2025-05-02 18:28:09.938724,2025-05-02 18:28:10.663211,0 days 00:00:00.724487,3.8906,7,0.35488494574909946,COMPLETE
26,26,0.8688308260754816,2025-05-02 18:28:10.663564,2025-05-02 18:28:11.287563,0 days 00:00:00.623999,3.8906,7,0.10150698118820534,COMPLETE
27,27,0.8673684210526316,2025-05-02 18:28:11.287896,2025-05-02 18:28:12.273472,0 days 00:00:00.985576,3.8906,6,0.1015228386868362,COMPLETE
28,28,0.8673684210526316,2025-05-02 18:28:12.273872,2025-05-02 18:28:12.913328,0 days 00:00:00.639456,3.8906,6,0.11556587308687172,COMPLETE
29,29,0.5676767676767676,2025-05-02 18:28:12.913665,2025-05-02 18:28:13.835517,0 days 00:00:00.921852,3.8906,5,0.2608008937540759,COMPLETE
30,30,0.7407407407407408,2025-05-02 18:28:13.835865,2025-05-02 18:28:14.469255,0 days 00:00:00.633390,3.8906,14,0.25359724914181536,COMPLETE
31,31,0.8675967359831533,2025-05-02 18:28:14.469601,2025-05-02 18:28:15.229176,0 days 00:00:00.759575,3.8906,6,0.1718142825026437,COMPLETE
32,32,0.8688308260754816,2025-05-02 18:28:15.230146,2025-05-02 18:28:15.894466,0 days 00:00:00.664320,3.8906,7,0.10171521762671287,COMPLETE
33,33,0.8688308260754816,2025-05-02 18:28:15.894813,2025-05-02 18:28:16.580229,0 days 00:00:00.685416,3.8906,8,0.25011031406045203,COMPLETE
34,34,0.8645640074211505,2025-05-02 18:28:16.580889,2025-05-02 18:28:17.455095,0 days 00:00:00.874206,3.8906,8,0.48282676780478406,COMPLETE
35,35,0.195606936416185,2025-05-02 18:28:17.455442,2025-05-02 18:28:18.097205,0 days 00:00:00.641763,3.8906,3,0.2804680780475134,COMPLETE
36,36,0.21807465618860508,2025-05-02 18:28:18.097592,2025-05-02 18:28:19.012203,0 days 00:00:00.914611,3.8906,18,0.5197148757234087,COMPLETE
37,37,0.3447134285123112,2025-05-02 18:28:19.012569,2025-05-02 18:28:19.648222,0 days 00:00:00.635653,3.8906,4,0.23286256178385945,COMPLETE
38,38,0.8913162206444566,2025-05-02 18:28:19.648572,2025-05-02 18:28:20.583698,0 days 00:00:00.935126,3.8906,9,0.31437471451523313,COMPLETE
39,39,0.7770700636942676,2025-05-02 18:28:20.584032,2025-05-02 18:28:21.224173,0 days 00:00:00.640141,3.8906,13,0.36462453839612075,COMPLETE
40,40,0.07090103397341212,2025-05-02 18:28:21.224533,2025-05-02 18:28:22.132970,0 days 00:00:00.908437,3.8906,27,0.5204738215656035,COMPLETE
41,41,0.8688308260754816,2025-05-02 18:28:22.133507,2025-05-02 18:28:22.799643,0 days 00:00:00.666136,3.8906,9,0.2081441428496651,COMPLETE
42,42,0.8676354029062087,2025-05-02 18:28:22.799976,2025-05-02 18:28:23.564691,0 days 00:00:00.764715,3.8906,7,0.3032035478515792,COMPLETE
43,43,0.5112359550561798,2025-05-02 18:28:23.565659,2025-05-02 18:28:24.349394,0 days 00:00:00.783735,3.8906,5,0.42459753863178273,COMPLETE
44,44,0.9130065174270332,2025-05-02 18:28:24.349730,2025-05-02 18:28:25.003061,0 days 00:00:00.653331,3.8906,10,0.1852564605470825,COMPLETE
45,45,0.9115569369878497,2025-05-02 18:28:25.003404,2025-05-02 18:28:25.652937,0 days 00:00:00.649533,3.8906,10,0.10514885568416024,COMPLETE
46,46,0.39412600663192804,2025-05-02 18:28:25.653272,2025-05-02 18:28:26.304741,0 days 00:00:00.651469,3.8906,17,1.8927844116428378,COMPLETE
47,47,0.9389614333434558,2025-05-02 18:28:26.305075,2025-05-02 18:28:26.952021,0 days 00:00:00.646946,3.8906,10,0.4102005562907606,COMPLETE
48,48,0.8175884575747167,2025-05-02 18:28:26.952415,2025-05-02 18:28:27.611987,0 days 00:00:00.659572,3.8906,10,0.7409769676184931,COMPLETE
49,49,0.7538963392533528,2025-05-02 18:28:27.612386,2025-05-02 18:28:28.269749,0 days 00:00:00.657363,3.8906,12,0.5842876694334391,COMPLETE
50,50,0.42024670353041255,2025-05-02 18:28:28.270083,2025-05-02 18:28:29.018210,0 days 00:00:00.748127,3.8906,16,0.4055078596397686,COMPLETE
51,51,0.8688308260754816,2025-05-02 18:28:29.018603,2025-05-02 18:28:29.694454,0 days 00:00:00.675851,3.8906,9,0.1802226239525596,COMPLETE
52,52,0.7699929228591649,2025-05-02 18:28:29.694826,2025-05-02 18:28:30.338842,0 days 00:00:00.644016,3.8906,11,0.33016340955752055,COMPLETE
53,53,0.775052557813595,2025-05-02 18:28:30.339229,2025-05-02 18:28:30.990391,0 days 00:00:00.651162,3.8906,13,0.17553657378070778,COMPLETE
54,54,0.762041696621136,2025-05-02 18:28:30.990789,2025-05-02 18:28:31.649748,0 days 00:00:00.658959,3.8906,11,0.48381087755287133,COMPLETE
55,55,0.9028735632183907,2025-05-02 18:28:31.650130,2025-05-02 18:28:32.300084,0 days 00:00:00.649954,3.8906,9,0.41280122772789274,COMPLETE
56,56,0.9389614333434558,2025-05-02 18:28:32.300515,2025-05-02 18:28:32.957570,0 days 00:00:00.657055,3.8906,10,0.4338095735685097,COMPLETE
57,57,0.44324324324324327,2025-05-02 18:28:32.958448,2025-05-02 18:28:33.644725,0 days 00:00:00.686277,3.8906,15,0.7419562410959151,COMPLETE
58,58,0.9422249539028889,2025-05-02 18:28:33.645078,2025-05-02 18:28:34.316452,0 days 00:00:00.671374,3.8906,10,0.5632913662534963,COMPLETE
59,59,0.7770700636942676,2025-05-02 18:28:34.316813,2025-05-02 18:28:34.962976,0 days 00:00:00.646163,3.8906,13,0.4227070372189116,COMPLETE
60,60,0.9422249539028889,2025-05-02 18:28:34.963336,2025-05-02 18:28:35.611302,0 days 00:00:00.647966,3.8906,10,0.5510752643738789,COMPLETE
61,61,0.9422249539028889,2025-05-02 18:28:35.611668,2025-05-02 18:28:36.247995,0 days 00:00:00.636327,3.8906,10,0.5484698859201294,COMPLETE
62,62,0.7540746106483157,2025-05-02 18:28:36.248349,2025-05-02 18:28:36.887116,0 days 00:00:00.638767,3.8906,12,0.5678044948869349,COMPLETE
63,63,0.82,2025-05-02 18:28:36.887488,2025-05-02 18:28:37.535358,0 days 00:00:00.647870,3.8906,10,0.8923488458857065,COMPLETE
64,64,0.7450834879406307,2025-05-02 18:28:37.535802,2025-05-02 18:28:38.160351,0 days 00:00:00.624549,3.8906,11,0.7599542282792497,COMPLETE
65,65,0.9422249539028889,2025-05-02 18:28:38.160791,2025-05-02 18:28:38.788293,0 days 00:00:00.627502,3.8906,10,0.5635322952922749,COMPLETE
66,66,0.7479970866715222,2025-05-02 18:28:38.788884,2025-05-02 18:28:39.412666,0 days 00:00:00.623782,3.8906,12,0.6711089307670268,COMPLETE
67,67,0.4444444444444445,2025-05-02 18:28:39.413029,2025-05-02 18:28:40.055284,0 days 00:00:00.642255,3.8906,15,0.5303785946661633,COMPLETE
68,68,0.6069578090303479,2025-05-02 18:28:40.055663,2025-05-02 18:28:40.694915,0 days 00:00:00.639252,3.8906,8,1.267714811090225,COMPLETE
69,69,0.8175884575747167,2025-05-02 18:28:40.695280,2025-05-02 18:28:41.333382,0 days 00:00:00.638102,3.8906,10,0.7011548502460774,COMPLETE
70,70,0.774468085106383,2025-05-02 18:28:41.333758,2025-05-02 18:28:41.978656,0 days 00:00:00.644898,3.8906,13,0.4601950876017261,COMPLETE
71,71,0.9364021804966688,2025-05-02 18:28:41.979019,2025-05-02 18:28:42.621577,0 days 00:00:00.642558,3.8906,10,0.3536347021462022,COMPLETE
72,72,0.7462135205024012,2025-05-02 18:28:42.621947,2025-05-02 18:28:43.265469,0 days 00:00:00.643522,3.8906,11,0.6281946080198446,COMPLETE
73,73,0.8648217136774881,2025-05-02 18:28:43.265919,2025-05-02 18:28:43.910169,0 days 00:00:00.644250,3.8906,8,0.5698690361524889,COMPLETE
74,74,0.7698327997154039,2025-05-02 18:28:43.910730,2025-05-02 18:28:44.552771,0 days 00:00:00.642041,3.8906,12,0.4737468079542101,COMPLETE
75,75,0.9364021804966688,2025-05-02 18:28:44.553144,2025-05-02 18:28:45.197521,0 days 00:00:00.644377,3.8906,10,0.33846684733884375,COMPLETE
76,76,0.8660667019587083,2025-05-02 18:28:45.197898,2025-05-02 18:28:45.855148,0 days 00:00:00.657250,3.8906,7,0.3514943985943403,COMPLETE
77,77,0.31008369868473495,2025-05-02 18:28:45.855613,2025-05-02 18:28:46.511691,0 days 00:00:00.656078,3.8906,5,0.5304641422471594,COMPLETE
78,78,0.06995073891625617,2025-05-02 18:28:46.512069,2025-05-02 18:28:47.172854,0 days 00:00:00.660785,3.8906,25,0.641032947333393,COMPLETE
79,79,0.9097658480868076,2025-05-02 18:28:47.173231,2025-05-02 18:28:47.841822,0 days 00:00:00.668591,3.8906,9,0.37004497748893905,COMPLETE
80,80,0.7450834879406307,2025-05-02 18:28:47.842198,2025-05-02 18:28:48.537055,0 days 00:00:00.694857,3.8906,11,0.8689347826463819,COMPLETE
81,81,0.9353864734299516,2025-05-02 18:28:48.537449,2025-05-02 18:28:49.198128,0 days 00:00:00.660679,3.8906,10,0.3051989212574093,COMPLETE
82,82,0.9395571514063434,2025-05-02 18:28:49.198518,2025-05-02 18:28:49.861380,0 days 00:00:00.662862,3.8906,10,0.28456267530515217,COMPLETE
83,83,0.9031330842196035,2025-05-02 18:28:49.861763,2025-05-02 18:28:50.522547,0 days 00:00:00.660784,3.8906,9,0.4633498186753754,COMPLETE
84,84,0.8648217136774881,2025-05-02 18:28:50.522924,2025-05-02 18:28:51.184821,0 days 00:00:00.661897,3.8906,8,0.5715937330711471,COMPLETE
85,85,0.4573951434878588,2025-05-02 18:28:51.185201,2025-05-02 18:28:51.849230,0 days 00:00:00.664029,3.8906,14,0.3936613199787113,COMPLETE
86,86,0.7941988950276243,2025-05-02 18:28:51.849622,2025-05-02 18:28:52.573281,0 days 00:00:00.723659,3.8906,12,0.24570379349928406,COMPLETE
87,87,0.9389614333434558,2025-05-02 18:28:52.574147,2025-05-02 18:28:53.275777,0 days 00:00:00.701630,3.8906,10,0.4451195453735512,COMPLETE
88,88,0.8654661016949152,2025-05-02 18:28:53.276172,2025-05-02 18:28:53.936155,0 days 00:00:00.659983,3.8906,7,0.4512143673962475,COMPLETE
89,89,0.13566289825282632,2025-05-02 18:28:53.936519,2025-05-02 18:28:54.555663,0 days 00:00:00.619144,3.8906,20,0.5176182474394758,COMPLETE
90,90,0.7450834879406307,2025-05-02 18:28:54.556008,2025-05-02 18:28:55.225767,0 days 00:00:00.669759,3.8906,11,0.7919294560172958,COMPLETE
91,91,0.9361186799878898,2025-05-02 18:28:55.226188,2025-05-02 18:28:55.850735,0 days 00:00:00.624547,3.8906,10,0.3183278016786153,COMPLETE
92,92,0.9110096976611523,2025-05-02 18:28:55.851147,2025-05-02 18:28:56.480220,0 days 00:00:00.629073,3.8906,9,0.359530031888192,COMPLETE
93,93,0.9395571514063434,2025-05-02 18:28:56.480574,2025-05-02 18:28:57.105796,0 days 00:00:00.625222,3.8906,10,0.2733582845508596,COMPLETE
94,94,0.9005477082732777,2025-05-02 18:28:57.106267,2025-05-02 18:28:57.728135,0 days 00:00:00.621868,3.8906,9,0.5981732054882868,COMPLETE
95,95,0.7692849594927792,2025-05-02 18:28:57.728542,2025-05-02 18:28:58.364759,0 days 00:00:00.636217,3.8906,11,0.2780563135455414,COMPLETE
96,96,0.8652369605507017,2025-05-02 18:28:58.365109,2025-05-02 18:28:59.014298,0 days 00:00:00.649189,3.8906,8,0.42635294152055914,COMPLETE
97,97,0.7388114453411593,2025-05-02 18:28:59.014654,2025-05-02 18:28:59.671656,0 days 00:00:00.657002,3.8906,12,0.6989418058846644,COMPLETE
98,98,0.7750087750087751,2025-05-02 18:28:59.672084,2025-05-02 18:29:00.314604,0 days 00:00:00.642520,3.8906,13,0.20872662766764488,COMPLETE
99,99,0.8675967359831533,2025-05-02 18:29:00.314961,2025-05-02 18:29:00.962395,0 days 00:00:00.647434,3.8906,6,0.143549726005207,COMPLETE
