,number,value,datetime_start,datetime_complete,duration,params_c_alpha,params_n_components,params_threshold_mult,state
0,0,0.8210597596072455,2025-05-02 19:04:14.292905,2025-05-02 19:04:14.449102,0 days 00:00:00.156197,3.8906,3,1.48051567465672,COMPLETE
1,1,0.3589865024863841,2025-05-02 19:04:14.450253,2025-05-02 19:04:14.605409,0 days 00:00:00.155156,3.8906,1,1.6491296982946804,COMPLETE
2,2,0.2155076649633415,2025-05-02 19:04:14.606380,2025-05-02 19:04:14.760020,0 days 00:00:00.153640,3.8906,1,0.48135367459598066,COMPLETE
3,3,0.21552681864640272,2025-05-02 19:04:14.760997,2025-05-02 19:04:14.922162,0 days 00:00:00.161165,3.8906,4,0.16918602370108643,COMPLETE
4,4,0.8210597596072455,2025-05-02 19:04:14.923401,2025-05-02 19:04:15.078772,0 days 00:00:00.155371,3.8906,4,1.775023366748797,COMPLETE
5,5,0.8210597596072455,2025-05-02 19:04:15.079730,2025-05-02 19:04:15.228911,0 days 00:00:00.149181,3.8906,4,0.7893215958127682,COMPLETE
6,6,0.20847661623108663,2025-05-02 19:04:15.229858,2025-05-02 19:04:15.379788,0 days 00:00:00.149930,3.8906,3,0.1898455072268234,COMPLETE
7,7,0.8210597596072455,2025-05-02 19:04:15.380736,2025-05-02 19:04:15.530907,0 days 00:00:00.150171,3.8906,4,1.5138792101786631,COMPLETE
8,8,0.8210597596072455,2025-05-02 19:04:15.531888,2025-05-02 19:04:15.707717,0 days 00:00:00.175829,3.8906,3,1.702113284324062,COMPLETE
9,9,0.23353235747303544,2025-05-02 19:04:15.708595,2025-05-02 19:04:15.837966,0 days 00:00:00.129371,3.8906,2,0.24479588734323451,COMPLETE
10,10,0.8210597596072455,2025-05-02 19:04:15.838634,2025-05-02 19:04:15.966055,0 days 00:00:00.127421,3.8906,2,0.953606333328213,COMPLETE
11,11,0.7895011298452981,2025-05-02 19:04:15.966761,2025-05-02 19:04:16.124206,0 days 00:00:00.157445,3.8906,3,1.9942122408440093,COMPLETE
12,12,0.8210597596072455,2025-05-02 19:04:16.125177,2025-05-02 19:04:16.297182,0 days 00:00:00.172005,3.8906,4,1.3132136765732,COMPLETE
13,13,0.8210597596072455,2025-05-02 19:04:16.306211,2025-05-02 19:04:16.470170,0 days 00:00:00.163959,3.8906,3,1.2976134920953006,COMPLETE
14,14,0.43444846292947564,2025-05-02 19:04:16.471141,2025-05-02 19:04:16.696603,0 days 00:00:00.225462,3.8906,2,1.9560401003614805,COMPLETE
15,15,0.8210597596072455,2025-05-02 19:04:16.696929,2025-05-02 19:04:16.851408,0 days 00:00:00.154479,3.8906,4,1.2832753063358635,COMPLETE
16,16,0.8210597596072455,2025-05-02 19:04:16.852303,2025-05-02 19:04:17.012219,0 days 00:00:00.159916,3.8906,3,1.6821317653767516,COMPLETE
17,17,0.8210597596072455,2025-05-02 19:04:17.013266,2025-05-02 19:04:17.226600,0 days 00:00:00.213334,3.8906,4,1.0808331628703538,COMPLETE
18,18,0.8210597596072455,2025-05-02 19:04:17.227095,2025-05-02 19:04:17.353895,0 days 00:00:00.126800,3.8906,3,1.4683285946495224,COMPLETE
19,19,0.7667788206127149,2025-05-02 19:04:17.354495,2025-05-02 19:04:17.472927,0 days 00:00:00.118432,3.8906,2,1.8261206804522478,COMPLETE
20,20,0.8210597596072455,2025-05-02 19:04:17.473505,2025-05-02 19:04:17.592096,0 days 00:00:00.118591,3.8906,4,1.10572479068119,COMPLETE
21,21,0.8210597596072455,2025-05-02 19:04:17.592710,2025-05-02 19:04:17.719923,0 days 00:00:00.127213,3.8906,4,0.8072098224564096,COMPLETE
22,22,0.8210597596072455,2025-05-02 19:04:17.720519,2025-05-02 19:04:17.839789,0 days 00:00:00.119270,3.8906,4,0.6781511977053803,COMPLETE
23,23,0.8210597596072455,2025-05-02 19:04:17.840363,2025-05-02 19:04:18.008154,0 days 00:00:00.167791,3.8906,3,0.5713732147111739,COMPLETE
24,24,0.8210597596072455,2025-05-02 19:04:18.008957,2025-05-02 19:04:18.181345,0 days 00:00:00.172388,3.8906,4,0.8943971023713768,COMPLETE
25,25,0.8210597596072455,2025-05-02 19:04:18.182305,2025-05-02 19:04:18.354233,0 days 00:00:00.171928,3.8906,3,1.46215097104842,COMPLETE
26,26,0.8210597596072455,2025-05-02 19:04:18.355231,2025-05-02 19:04:18.517243,0 days 00:00:00.162012,3.8906,4,1.790099111753286,COMPLETE
27,27,0.8210597596072455,2025-05-02 19:04:18.518217,2025-05-02 19:04:18.691141,0 days 00:00:00.172924,3.8906,4,1.5079098961572281,COMPLETE
28,28,0.8210597596072455,2025-05-02 19:04:18.692134,2025-05-02 19:04:18.874502,0 days 00:00:00.182368,3.8906,3,1.1536789085864843,COMPLETE
29,29,0.1303272961788574,2025-05-02 19:04:18.874865,2025-05-02 19:04:19.041754,0 days 00:00:00.166889,3.8906,1,0.3622543669835787,COMPLETE
30,30,0.8210597596072455,2025-05-02 19:04:19.042831,2025-05-02 19:04:19.205208,0 days 00:00:00.162377,3.8906,2,0.7851260717408869,COMPLETE
31,31,0.8210597596072455,2025-05-02 19:04:19.206180,2025-05-02 19:04:19.370189,0 days 00:00:00.164009,3.8906,4,1.6040631563360324,COMPLETE
32,32,0.8210597596072455,2025-05-02 19:04:19.371165,2025-05-02 19:04:19.563600,0 days 00:00:00.192435,3.8906,4,1.8483796132141959,COMPLETE
33,33,0.8210597596072455,2025-05-02 19:04:19.564586,2025-05-02 19:04:19.806812,0 days 00:00:00.242226,3.8906,4,1.5782810015044153,COMPLETE
34,34,0.4493431307058562,2025-05-02 19:04:19.807788,2025-05-02 19:04:20.026720,0 days 00:00:00.218932,3.8906,1,1.4018455628947535,COMPLETE
35,35,0.8210597596072455,2025-05-02 19:04:20.027679,2025-05-02 19:04:20.317670,0 days 00:00:00.289991,3.8906,4,1.2044774777448926,COMPLETE
36,36,0.8210597596072455,2025-05-02 19:04:20.318704,2025-05-02 19:04:20.685154,0 days 00:00:00.366450,3.8906,3,1.694079138581719,COMPLETE
37,37,0.8210597596072455,2025-05-02 19:04:20.685599,2025-05-02 19:04:20.858775,0 days 00:00:00.173176,3.8906,4,0.5127317556039728,COMPLETE
38,38,0.8210597596072455,2025-05-02 19:04:20.859622,2025-05-02 19:04:21.198345,0 days 00:00:00.338723,3.8906,4,1.005637587550353,COMPLETE
39,39,0.8210597596072455,2025-05-02 19:04:21.199297,2025-05-02 19:04:21.567205,0 days 00:00:00.367908,3.8906,3,1.9135470397987973,COMPLETE
40,40,0.8210597596072455,2025-05-02 19:04:21.568509,2025-05-02 19:04:21.862157,0 days 00:00:00.293648,3.8906,3,1.7783791349998226,COMPLETE
41,41,0.8210597596072455,2025-05-02 19:04:21.863119,2025-05-02 19:04:22.084697,0 days 00:00:00.221578,3.8906,3,1.707134782664125,COMPLETE
42,42,0.8210597596072455,2025-05-02 19:04:22.085672,2025-05-02 19:04:22.367990,0 days 00:00:00.282318,3.8906,2,1.361041358892323,COMPLETE
43,43,0.8210597596072455,2025-05-02 19:04:22.368947,2025-05-02 19:04:22.682018,0 days 00:00:00.313071,3.8906,3,1.5550264766191593,COMPLETE
44,44,0.8210597596072455,2025-05-02 19:04:22.683016,2025-05-02 19:04:22.846717,0 days 00:00:00.163701,3.8906,3,1.6554854699276773,COMPLETE
45,45,0.8210597596072455,2025-05-02 19:04:22.847690,2025-05-02 19:04:23.096933,0 days 00:00:00.249243,3.8906,4,1.8915751889627084,COMPLETE
46,46,0.8210597596072455,2025-05-02 19:04:23.097766,2025-05-02 19:04:23.402307,0 days 00:00:00.304541,3.8906,4,1.4172621846935256,COMPLETE
47,47,0.8210597596072455,2025-05-02 19:04:23.403264,2025-05-02 19:04:23.665843,0 days 00:00:00.262579,3.8906,3,1.2343125096732568,COMPLETE
48,48,0.7852782138496424,2025-05-02 19:04:23.666811,2025-05-02 19:04:23.910890,0 days 00:00:00.244079,3.8906,2,1.7369601670363066,COMPLETE
49,49,0.8210597596072455,2025-05-02 19:04:23.911865,2025-05-02 19:04:24.094442,0 days 00:00:00.182577,3.8906,4,1.9908870037696187,COMPLETE
50,50,0.8210597596072455,2025-05-02 19:04:24.095410,2025-05-02 19:04:24.280720,0 days 00:00:00.185310,3.8906,4,0.9106313533328132,COMPLETE
51,51,0.8210597596072455,2025-05-02 19:04:24.281565,2025-05-02 19:04:24.504557,0 days 00:00:00.222992,3.8906,2,0.7772848853391332,COMPLETE
52,52,0.8210597596072455,2025-05-02 19:04:24.505498,2025-05-02 19:04:24.736703,0 days 00:00:00.231205,3.8906,2,0.9995174298964313,COMPLETE
53,53,0.11767274844720498,2025-05-02 19:04:24.737707,2025-05-02 19:04:24.955146,0 days 00:00:00.217439,3.8906,2,0.1016405107353151,COMPLETE
54,54,0.805781691310849,2025-05-02 19:04:24.956119,2025-05-02 19:04:25.139254,0 days 00:00:00.183135,3.8906,1,0.8903643046150607,COMPLETE
55,55,0.8210597596072455,2025-05-02 19:04:25.140228,2025-05-02 19:04:25.335716,0 days 00:00:00.195488,3.8906,2,0.7177159821026005,COMPLETE
56,56,0.8210597596072455,2025-05-02 19:04:25.336549,2025-05-02 19:04:25.568425,0 days 00:00:00.231876,3.8906,3,1.5099011275539438,COMPLETE
57,57,0.8210597596072455,2025-05-02 19:04:25.569402,2025-05-02 19:04:25.895602,0 days 00:00:00.326200,3.8906,3,0.6164796727853679,COMPLETE
58,58,0.8210597596072455,2025-05-02 19:04:25.896678,2025-05-02 19:04:26.177531,0 days 00:00:00.280853,3.8906,4,1.3197449680813045,COMPLETE
59,59,0.8210597596072455,2025-05-02 19:04:26.178503,2025-05-02 19:04:26.402446,0 days 00:00:00.223943,3.8906,3,1.0348662864993385,COMPLETE
60,60,0.8210597596072455,2025-05-02 19:04:26.403438,2025-05-02 19:04:26.688595,0 days 00:00:00.285157,3.8906,2,1.641237164153299,COMPLETE
61,61,0.8210597596072455,2025-05-02 19:04:26.689598,2025-05-02 19:04:26.902863,0 days 00:00:00.213265,3.8906,4,1.1387581784858132,COMPLETE
62,62,0.8210597596072455,2025-05-02 19:04:26.903885,2025-05-02 19:04:27.139676,0 days 00:00:00.235791,3.8906,4,1.4590162510330718,COMPLETE
63,63,0.8210597596072455,2025-05-02 19:04:27.140065,2025-05-02 19:04:27.499229,0 days 00:00:00.359164,3.8906,4,1.5513523734446786,COMPLETE
64,64,0.8210597596072455,2025-05-02 19:04:27.500136,2025-05-02 19:04:27.878842,0 days 00:00:00.378706,3.8906,4,1.2543984818024434,COMPLETE
65,65,0.8210597596072455,2025-05-02 19:04:27.880278,2025-05-02 19:04:28.207409,0 days 00:00:00.327131,3.8906,4,1.323099719490427,COMPLETE
66,66,0.8210597596072455,2025-05-02 19:04:28.208405,2025-05-02 19:04:28.603752,0 days 00:00:00.395347,3.8906,4,1.7586003578498421,COMPLETE
67,67,0.8210597596072455,2025-05-02 19:04:28.604748,2025-05-02 19:04:28.790131,0 days 00:00:00.185383,3.8906,4,1.6228745067779822,COMPLETE
68,68,0.8210597596072455,2025-05-02 19:04:28.791122,2025-05-02 19:04:29.087516,0 days 00:00:00.296394,3.8906,4,1.8360199881436676,COMPLETE
69,69,0.8210597596072455,2025-05-02 19:04:29.088420,2025-05-02 19:04:29.419157,0 days 00:00:00.330737,3.8906,3,0.8743557901048093,COMPLETE
70,70,0.8163608820063962,2025-05-02 19:04:29.420176,2025-05-02 19:04:29.662953,0 days 00:00:00.242777,3.8906,2,0.38731553920194184,COMPLETE
71,71,0.8210597596072455,2025-05-02 19:04:29.664620,2025-05-02 19:04:30.091797,0 days 00:00:00.427177,3.8906,3,1.1850106528037871,COMPLETE
72,72,0.8210597596072455,2025-05-02 19:04:30.092828,2025-05-02 19:04:30.397589,0 days 00:00:00.304761,3.8906,3,1.4066342909293648,COMPLETE
73,73,0.8210597596072455,2025-05-02 19:04:30.398517,2025-05-02 19:04:30.700069,0 days 00:00:00.301552,3.8906,3,1.5271948460646607,COMPLETE
74,74,0.8210597596072455,2025-05-02 19:04:30.701072,2025-05-02 19:04:30.889417,0 days 00:00:00.188345,3.8906,4,0.9468889674680199,COMPLETE
75,75,0.8210597596072455,2025-05-02 19:04:30.889799,2025-05-02 19:04:31.070542,0 days 00:00:00.180743,3.8906,3,1.0673904824387104,COMPLETE
76,76,0.8210597596072455,2025-05-02 19:04:31.071532,2025-05-02 19:04:31.288415,0 days 00:00:00.216883,3.8906,4,1.4650255570979749,COMPLETE
77,77,0.8210597596072455,2025-05-02 19:04:31.289252,2025-05-02 19:04:31.477655,0 days 00:00:00.188403,3.8906,3,1.3527841914014553,COMPLETE
78,78,0.8210597596072455,2025-05-02 19:04:31.478654,2025-05-02 19:04:31.716099,0 days 00:00:00.237445,3.8906,4,1.1033737708712872,COMPLETE
79,79,0.8210597596072455,2025-05-02 19:04:31.716450,2025-05-02 19:04:31.894153,0 days 00:00:00.177703,3.8906,3,1.2885610926622717,COMPLETE
80,80,0.35754716981132073,2025-05-02 19:04:31.895009,2025-05-02 19:04:32.127529,0 days 00:00:00.232520,3.8906,1,1.590176818300377,COMPLETE
81,81,0.8210597596072455,2025-05-02 19:04:32.128532,2025-05-02 19:04:32.373690,0 days 00:00:00.245158,3.8906,4,0.8323637042926422,COMPLETE
82,82,0.8210597596072455,2025-05-02 19:04:32.374482,2025-05-02 19:04:32.624978,0 days 00:00:00.250496,3.8906,4,1.2631468276027338,COMPLETE
83,83,0.8210597596072455,2025-05-02 19:04:32.625975,2025-05-02 19:04:32.828702,0 days 00:00:00.202727,3.8906,4,1.6865946474018638,COMPLETE
84,84,0.8210597596072455,2025-05-02 19:04:32.829731,2025-05-02 19:04:33.093668,0 days 00:00:00.263937,3.8906,4,1.1836058690233058,COMPLETE
85,85,0.8210597596072455,2025-05-02 19:04:33.094560,2025-05-02 19:04:33.467029,0 days 00:00:00.372469,3.8906,4,1.376459954982038,COMPLETE
86,86,0.8210597596072455,2025-05-02 19:04:33.468028,2025-05-02 19:04:33.804886,0 days 00:00:00.336858,3.8906,2,0.9652904045116963,COMPLETE
87,87,0.8210597596072455,2025-05-02 19:04:33.805288,2025-05-02 19:04:33.992687,0 days 00:00:00.187399,3.8906,4,0.7441717598056146,COMPLETE
88,88,0.8210597596072455,2025-05-02 19:04:33.993626,2025-05-02 19:04:34.208248,0 days 00:00:00.214622,3.8906,3,1.4341499473627266,COMPLETE
89,89,0.8210597596072455,2025-05-02 19:04:34.209094,2025-05-02 19:04:34.468437,0 days 00:00:00.259343,3.8906,4,1.802633174873001,COMPLETE
90,90,0.8210597596072455,2025-05-02 19:04:34.469434,2025-05-02 19:04:34.725375,0 days 00:00:00.255941,3.8906,4,1.9039863439635283,COMPLETE
91,91,0.8210597596072455,2025-05-02 19:04:34.726398,2025-05-02 19:04:34.985603,0 days 00:00:00.259205,3.8906,3,1.7287573376705063,COMPLETE
92,92,0.8210597596072455,2025-05-02 19:04:34.986612,2025-05-02 19:04:35.205162,0 days 00:00:00.218550,3.8906,3,1.6721259255660221,COMPLETE
93,93,0.8210597596072455,2025-05-02 19:04:35.206082,2025-05-02 19:04:35.433117,0 days 00:00:00.227035,3.8906,3,0.6529671775355981,COMPLETE
94,94,0.8210597596072455,2025-05-02 19:04:35.434119,2025-05-02 19:04:35.670133,0 days 00:00:00.236014,3.8906,2,1.5022457367427462,COMPLETE
95,95,0.8210597596072455,2025-05-02 19:04:35.670559,2025-05-02 19:04:35.991969,0 days 00:00:00.321410,3.8906,3,1.6104227087028624,COMPLETE
96,96,0.8210597596072455,2025-05-02 19:04:35.992636,2025-05-02 19:04:36.182356,0 days 00:00:00.189720,3.8906,3,1.3097443205650754,COMPLETE
97,97,0.8210597596072455,2025-05-02 19:04:36.182706,2025-05-02 19:04:36.499468,0 days 00:00:00.316762,3.8906,4,1.5653688257081932,COMPLETE
98,98,0.8210597596072455,2025-05-02 19:04:36.500127,2025-05-02 19:04:36.759498,0 days 00:00:00.259371,3.8906,4,1.8805535969981482,COMPLETE
99,99,0.8210597596072455,2025-05-02 19:04:36.760068,2025-05-02 19:04:36.915447,0 days 00:00:00.155379,3.8906,3,1.4988949528487987,COMPLETE
