,number,value,datetime_start,datetime_complete,duration,params_c_alpha,params_n_components,params_threshold_mult,state
0,0,0.14329670329670327,2025-05-02 18:40:02.685123,2025-05-02 18:40:02.904944,0 days 00:00:00.219821,3.8906,1,1.5918268654898902,COMPLETE
1,1,0.8008595988538681,2025-05-02 18:40:02.906270,2025-05-02 18:40:03.110078,0 days 00:00:00.203808,3.8906,4,0.7062606967337764,COMPLETE
2,2,0.11538596429698733,2025-05-02 18:40:03.111014,2025-05-02 18:40:03.313832,0 days 00:00:00.202818,3.8906,3,1.3718118291119583,COMPLETE
3,3,0.11530912659470069,2025-05-02 18:40:03.314230,2025-05-02 18:40:03.513433,0 days 00:00:00.199203,3.8906,3,1.122231143942342,COMPLETE
4,4,0.8008595988538681,2025-05-02 18:40:03.513830,2025-05-02 18:40:03.757020,0 days 00:00:00.243190,3.8906,4,1.1999385034651635,COMPLETE
5,5,0.40558220671609246,2025-05-02 18:40:03.757554,2025-05-02 18:40:03.951366,0 days 00:00:00.193812,3.8906,2,1.0099016221987773,COMPLETE
6,6,0.5679983440281515,2025-05-02 18:40:03.952353,2025-05-02 18:40:04.166574,0 days 00:00:00.214221,3.8906,1,0.18002807126453108,COMPLETE
7,7,0.11703187250996017,2025-05-02 18:40:04.166958,2025-05-02 18:40:04.369309,0 days 00:00:00.202351,3.8906,3,1.6519213585377013,COMPLETE
8,8,0.14460999123575813,2025-05-02 18:40:04.370315,2025-05-02 18:40:04.564873,0 days 00:00:00.194558,3.8906,1,1.2961372335169505,COMPLETE
9,9,0.115305085339782,2025-05-02 18:40:04.565856,2025-05-02 18:40:04.771553,0 days 00:00:00.205697,3.8906,3,0.8754110430242189,COMPLETE
10,10,0.8008595988538681,2025-05-02 18:40:04.772113,2025-05-02 18:40:04.981796,0 days 00:00:00.209683,3.8906,4,0.5904423717944673,COMPLETE
11,11,0.8008595988538681,2025-05-02 18:40:04.982217,2025-05-02 18:40:05.191393,0 days 00:00:00.209176,3.8906,4,0.6044430656422991,COMPLETE
12,12,0.8008595988538681,2025-05-02 18:40:05.191797,2025-05-02 18:40:05.400809,0 days 00:00:00.209012,3.8906,4,1.9115445413222594,COMPLETE
13,13,0.8008595988538681,2025-05-02 18:40:05.401475,2025-05-02 18:40:05.607303,0 days 00:00:00.205828,3.8906,4,0.6826896751501742,COMPLETE
14,14,0.5906155832974601,2025-05-02 18:40:05.608277,2025-05-02 18:40:05.812380,0 days 00:00:00.204103,3.8906,2,0.26102245224179366,COMPLETE
15,15,0.8008595988538681,2025-05-02 18:40:05.813444,2025-05-02 18:40:06.013905,0 days 00:00:00.200461,3.8906,4,0.8569785150289436,COMPLETE
16,16,0.8008595988538681,2025-05-02 18:40:06.014961,2025-05-02 18:40:06.230138,0 days 00:00:00.215177,3.8906,4,0.46865005150212313,COMPLETE
17,17,0.3702051739518288,2025-05-02 18:40:06.231175,2025-05-02 18:40:06.435626,0 days 00:00:00.204451,3.8906,2,1.15297417364384,COMPLETE
18,18,0.11538596429698733,2025-05-02 18:40:06.436667,2025-05-02 18:40:06.645427,0 days 00:00:00.208760,3.8906,3,1.4535604179580497,COMPLETE
19,19,0.8008595988538681,2025-05-02 18:40:06.646524,2025-05-02 18:40:06.877479,0 days 00:00:00.230955,3.8906,4,0.3732331233602679,COMPLETE
20,20,0.05582610761373084,2025-05-02 18:40:06.878482,2025-05-02 18:40:07.102708,0 days 00:00:00.224226,3.8906,3,0.7483583176199011,COMPLETE
21,21,0.8008595988538681,2025-05-02 18:40:07.103690,2025-05-02 18:40:07.329255,0 days 00:00:00.225565,3.8906,4,0.5325662408639278,COMPLETE
22,22,0.8008595988538681,2025-05-02 18:40:07.330240,2025-05-02 18:40:07.583374,0 days 00:00:00.253134,3.8906,4,0.9727014551110663,COMPLETE
23,23,0.8008595988538681,2025-05-02 18:40:07.584540,2025-05-02 18:40:07.840188,0 days 00:00:00.255648,3.8906,4,0.7533666960044266,COMPLETE
24,24,0.8008595988538681,2025-05-02 18:40:07.841199,2025-05-02 18:40:08.419175,0 days 00:00:00.577976,3.8906,4,1.2044549011146461,COMPLETE
25,25,0.05562036144781998,2025-05-02 18:40:08.420574,2025-05-02 18:40:08.714179,0 days 00:00:00.293605,3.8906,3,0.3786444493420093,COMPLETE
26,26,0.8008595988538681,2025-05-02 18:40:08.715161,2025-05-02 18:40:08.942881,0 days 00:00:00.227720,3.8906,4,0.8619260221683891,COMPLETE
27,27,0.05582610761373084,2025-05-02 18:40:08.943887,2025-05-02 18:40:09.310095,0 days 00:00:00.366208,3.8906,3,0.6474236231151129,COMPLETE
28,28,0.8008595988538681,2025-05-02 18:40:09.311116,2025-05-02 18:40:09.549979,0 days 00:00:00.238863,3.8906,4,1.0247538428331557,COMPLETE
29,29,0.360198108959928,2025-05-02 18:40:09.551368,2025-05-02 18:40:09.795307,0 days 00:00:00.243939,3.8906,2,1.6518829234299093,COMPLETE
30,30,0.8008595988538681,2025-05-02 18:40:09.796394,2025-05-02 18:40:10.276667,0 days 00:00:00.480273,3.8906,4,0.4876567423002165,COMPLETE
31,31,0.8008595988538681,2025-05-02 18:40:10.277122,2025-05-02 18:40:10.495817,0 days 00:00:00.218695,3.8906,4,0.5934105000921062,COMPLETE
32,32,0.7881565033486077,2025-05-02 18:40:10.496764,2025-05-02 18:40:10.780227,0 days 00:00:00.283463,3.8906,4,0.278521232019577,COMPLETE
33,33,0.05562036144781998,2025-05-02 18:40:10.780669,2025-05-02 18:40:11.147435,0 days 00:00:00.366766,3.8906,3,0.10574122571697697,COMPLETE
34,34,0.8008595988538681,2025-05-02 18:40:11.148726,2025-05-02 18:40:11.411318,0 days 00:00:00.262592,3.8906,4,0.7713057466373305,COMPLETE
35,35,0.8008595988538681,2025-05-02 18:40:11.411884,2025-05-02 18:40:11.635544,0 days 00:00:00.223660,3.8906,4,1.4813922062771256,COMPLETE
36,36,0.115305085339782,2025-05-02 18:40:11.636528,2025-05-02 18:40:11.917929,0 days 00:00:00.281401,3.8906,3,0.9316596032267196,COMPLETE
37,37,0.8008595988538681,2025-05-02 18:40:11.918574,2025-05-02 18:40:12.214591,0 days 00:00:00.296017,3.8906,4,0.591777641115306,COMPLETE
38,38,0.14704595185995625,2025-05-02 18:40:12.215679,2025-05-02 18:40:12.484334,0 days 00:00:00.268655,3.8906,1,1.09900615775051,COMPLETE
39,39,0.11538596429698733,2025-05-02 18:40:12.484725,2025-05-02 18:40:12.770533,0 days 00:00:00.285808,3.8906,3,1.2939025746131778,COMPLETE
40,40,0.8008595988538681,2025-05-02 18:40:12.771486,2025-05-02 18:40:13.108197,0 days 00:00:00.336711,3.8906,4,1.8456294535161986,COMPLETE
41,41,0.8008595988538681,2025-05-02 18:40:13.108687,2025-05-02 18:40:13.324006,0 days 00:00:00.215319,3.8906,4,1.8940375373074936,COMPLETE
42,42,0.8008595988538681,2025-05-02 18:40:13.325006,2025-05-02 18:40:13.558667,0 days 00:00:00.233661,3.8906,4,1.7328986758266107,COMPLETE
43,43,0.8008595988538681,2025-05-02 18:40:13.559523,2025-05-02 18:40:13.837552,0 days 00:00:00.278029,3.8906,4,0.3915052238264869,COMPLETE
44,44,0.8008595988538681,2025-05-02 18:40:13.838663,2025-05-02 18:40:14.157920,0 days 00:00:00.319257,3.8906,4,1.783597701927099,COMPLETE
45,45,0.8008595988538681,2025-05-02 18:40:14.158259,2025-05-02 18:40:14.384330,0 days 00:00:00.226071,3.8906,4,1.5336947005943713,COMPLETE
46,46,0.05582610761373084,2025-05-02 18:40:14.385735,2025-05-02 18:40:14.610617,0 days 00:00:00.224882,3.8906,3,0.6912492453208717,COMPLETE
47,47,0.36542767577250335,2025-05-02 18:40:14.611619,2025-05-02 18:40:15.001429,0 days 00:00:00.389810,3.8906,2,1.3919846630172756,COMPLETE
48,48,0.8008595988538681,2025-05-02 18:40:15.002797,2025-05-02 18:40:15.323692,0 days 00:00:00.320895,3.8906,4,1.9466908309156015,COMPLETE
49,49,0.11487430167597766,2025-05-02 18:40:15.324617,2025-05-02 18:40:15.580558,0 days 00:00:00.255941,3.8906,3,0.8130031234536736,COMPLETE
50,50,0.8008595988538681,2025-05-02 18:40:15.581099,2025-05-02 18:40:15.811757,0 days 00:00:00.230658,3.8906,4,1.9952541206434367,COMPLETE
51,51,0.8008595988538681,2025-05-02 18:40:15.812769,2025-05-02 18:40:16.144007,0 days 00:00:00.331238,3.8906,4,0.6331607337026962,COMPLETE
52,52,0.8008595988538681,2025-05-02 18:40:16.145018,2025-05-02 18:40:16.372582,0 days 00:00:00.227564,3.8906,4,0.5356548481837592,COMPLETE
53,53,0.8008595988538681,2025-05-02 18:40:16.373222,2025-05-02 18:40:16.587456,0 days 00:00:00.214234,3.8906,4,0.707966001001266,COMPLETE
54,54,0.8008595988538681,2025-05-02 18:40:16.588204,2025-05-02 18:40:16.847660,0 days 00:00:00.259456,3.8906,4,0.9257492728186159,COMPLETE
55,55,0.8008595988538681,2025-05-02 18:40:16.848636,2025-05-02 18:40:17.107459,0 days 00:00:00.258823,3.8906,4,0.44854492356774117,COMPLETE
56,56,0.8008595988538681,2025-05-02 18:40:17.108103,2025-05-02 18:40:17.432763,0 days 00:00:00.324660,3.8906,4,0.30847508187769096,COMPLETE
57,57,0.8008595988538681,2025-05-02 18:40:17.433765,2025-05-02 18:40:17.700018,0 days 00:00:00.266253,3.8906,4,1.2196466599504343,COMPLETE
58,58,0.8008595988538681,2025-05-02 18:40:17.701222,2025-05-02 18:40:18.010173,0 days 00:00:00.308951,3.8906,4,0.8212924127061692,COMPLETE
59,59,0.05564105599621167,2025-05-02 18:40:18.010839,2025-05-02 18:40:18.297968,0 days 00:00:00.287129,3.8906,3,0.5330347305751546,COMPLETE
60,60,0.5204819277108435,2025-05-02 18:40:18.298639,2025-05-02 18:40:18.548337,0 days 00:00:00.249698,3.8906,2,0.7014916613260372,COMPLETE
61,61,0.8008595988538681,2025-05-02 18:40:18.549345,2025-05-02 18:40:18.798235,0 days 00:00:00.248890,3.8906,4,0.8611970142771731,COMPLETE
62,62,0.8008595988538681,2025-05-02 18:40:18.799248,2025-05-02 18:40:19.099540,0 days 00:00:00.300292,3.8906,4,1.0056636846377258,COMPLETE
63,63,0.8008595988538681,2025-05-02 18:40:19.100526,2025-05-02 18:40:19.382301,0 days 00:00:00.281775,3.8906,4,0.6084355485319498,COMPLETE
64,64,0.8008595988538681,2025-05-02 18:40:19.383584,2025-05-02 18:40:19.663340,0 days 00:00:00.279756,3.8906,4,1.0925809962411834,COMPLETE
65,65,0.8008595988538681,2025-05-02 18:40:19.663726,2025-05-02 18:40:19.907236,0 days 00:00:00.243510,3.8906,4,0.7841171550547296,COMPLETE
66,66,0.8008595988538681,2025-05-02 18:40:19.908093,2025-05-02 18:40:20.201302,0 days 00:00:00.293209,3.8906,4,0.9416332561093896,COMPLETE
67,67,0.8008595988538681,2025-05-02 18:40:20.202293,2025-05-02 18:40:20.522385,0 days 00:00:00.320092,3.8906,4,0.4497037173900077,COMPLETE
68,68,0.8008595988538681,2025-05-02 18:40:20.523369,2025-05-02 18:40:20.757187,0 days 00:00:00.233818,3.8906,4,0.6709287303785967,COMPLETE
69,69,0.05582610761373084,2025-05-02 18:40:20.758184,2025-05-02 18:40:21.011156,0 days 00:00:00.252972,3.8906,3,0.7365128158804735,COMPLETE
70,70,0.8008595988538681,2025-05-02 18:40:21.012171,2025-05-02 18:40:21.272235,0 days 00:00:00.260064,3.8906,4,0.5438551558599944,COMPLETE
71,71,0.7871966232852621,2025-05-02 18:40:21.273352,2025-05-02 18:40:21.615060,0 days 00:00:00.341708,3.8906,4,0.1911731393741023,COMPLETE
72,72,0.8008595988538681,2025-05-02 18:40:21.615893,2025-05-02 18:40:21.851892,0 days 00:00:00.235999,3.8906,4,0.4638740778674504,COMPLETE
73,73,0.8008595988538681,2025-05-02 18:40:21.852914,2025-05-02 18:40:22.079602,0 days 00:00:00.226688,3.8906,4,0.3252193261355878,COMPLETE
74,74,0.8008595988538681,2025-05-02 18:40:22.080606,2025-05-02 18:40:22.379093,0 days 00:00:00.298487,3.8906,4,0.5837704359135443,COMPLETE
75,75,0.8008595988538681,2025-05-02 18:40:22.379984,2025-05-02 18:40:22.700416,0 days 00:00:00.320432,3.8906,4,0.37442777294793345,COMPLETE
76,76,0.8008595988538681,2025-05-02 18:40:22.701433,2025-05-02 18:40:22.911642,0 days 00:00:00.210209,3.8906,4,0.8793994488236522,COMPLETE
77,77,0.3133257833144583,2025-05-02 18:40:22.912683,2025-05-02 18:40:23.140442,0 days 00:00:00.227759,3.8906,1,0.498051673667335,COMPLETE
78,78,0.8008595988538681,2025-05-02 18:40:23.141283,2025-05-02 18:40:23.502234,0 days 00:00:00.360951,3.8906,4,1.6250252127802425,COMPLETE
79,79,0.8008595988538681,2025-05-02 18:40:23.503458,2025-05-02 18:40:23.769089,0 days 00:00:00.265631,3.8906,4,0.6286089889330517,COMPLETE
80,80,0.8008595988538681,2025-05-02 18:40:23.769510,2025-05-02 18:40:24.015592,0 days 00:00:00.246082,3.8906,4,0.7376299095246257,COMPLETE
81,81,0.7870468145019358,2025-05-02 18:40:24.015994,2025-05-02 18:40:24.265638,0 days 00:00:00.249644,3.8906,4,0.2130633132368355,COMPLETE
82,82,0.8008595988538681,2025-05-02 18:40:24.266547,2025-05-02 18:40:24.736810,0 days 00:00:00.470263,3.8906,4,0.41307812237012836,COMPLETE
83,83,0.8008595988538681,2025-05-02 18:40:24.737207,2025-05-02 18:40:24.983033,0 days 00:00:00.245826,3.8906,4,0.3525986048413386,COMPLETE
84,84,0.7873239436619718,2025-05-02 18:40:24.983459,2025-05-02 18:40:25.251707,0 days 00:00:00.268248,3.8906,4,0.2482937162466381,COMPLETE
85,85,0.8008595988538681,2025-05-02 18:40:25.252715,2025-05-02 18:40:25.815142,0 days 00:00:00.562427,3.8906,4,0.6518492782737209,COMPLETE
86,86,0.8008595988538681,2025-05-02 18:40:25.816158,2025-05-02 18:40:26.089698,0 days 00:00:00.273540,3.8906,4,0.5798986398747659,COMPLETE
87,87,0.11487430167597766,2025-05-02 18:40:26.090707,2025-05-02 18:40:26.352192,0 days 00:00:00.261485,3.8906,3,0.8098932854057104,COMPLETE
88,88,0.8164383561643835,2025-05-02 18:40:26.353227,2025-05-02 18:40:26.584397,0 days 00:00:00.231170,3.8906,4,0.13675827357023285,COMPLETE
89,89,0.816872427983539,2025-05-02 18:40:26.585412,2025-05-02 18:40:26.920069,0 days 00:00:00.334657,3.8906,4,0.14502117885590166,COMPLETE
90,90,0.7873239436619718,2025-05-02 18:40:26.920430,2025-05-02 18:40:27.176632,0 days 00:00:00.256202,3.8906,4,0.24027876004090898,COMPLETE
91,91,0.816872427983539,2025-05-02 18:40:27.177660,2025-05-02 18:40:27.414103,0 days 00:00:00.236443,3.8906,4,0.14712111835733133,COMPLETE
92,92,0.816466552315609,2025-05-02 18:40:27.415125,2025-05-02 18:40:27.735805,0 days 00:00:00.320680,3.8906,4,0.1555910369847724,COMPLETE
93,93,0.8172189955585925,2025-05-02 18:40:27.744506,2025-05-02 18:40:28.069775,0 days 00:00:00.325269,3.8906,4,0.11456237353820792,COMPLETE
94,94,0.8180574555403557,2025-05-02 18:40:28.070114,2025-05-02 18:40:28.319559,0 days 00:00:00.249445,3.8906,4,0.12674776579930475,COMPLETE
95,95,0.8169398907103825,2025-05-02 18:40:28.320609,2025-05-02 18:40:28.613685,0 days 00:00:00.293076,3.8906,4,0.108664527118631,COMPLETE
96,96,0.8169398907103825,2025-05-02 18:40:28.614704,2025-05-02 18:40:28.990017,0 days 00:00:00.375313,3.8906,4,0.10999907228030711,COMPLETE
97,97,0.8166609764424719,2025-05-02 18:40:28.991027,2025-05-02 18:40:29.307792,0 days 00:00:00.316765,3.8906,4,0.1041495448540463,COMPLETE
98,98,0.8172189955585925,2025-05-02 18:40:29.308664,2025-05-02 18:40:29.608786,0 days 00:00:00.300122,3.8906,4,0.11571904488367489,COMPLETE
99,99,0.8166609764424719,2025-05-02 18:40:29.609208,2025-05-02 18:40:29.842445,0 days 00:00:00.233237,3.8906,4,0.10205365144051834,COMPLETE
