,number,value,datetime_start,datetime_complete,duration,params_anomaly_threshold,params_max_dist,params_num_bootstrap_samples,state
0,0,0.23242451554754393,2025-04-28 18:04:36.069991,2025-04-28 18:38:07.606036,0 days 00:33:31.536045,0.4685593016982599,0.36492605987556653,2000,COMPLETE
1,1,0.49456174024312227,2025-04-28 18:38:07.606310,2025-04-28 18:41:22.594467,0 days 00:03:14.988157,0.3899464886463877,0.716888165787132,2000,COMPLETE
2,2,0.6151186812260213,2025-04-28 18:41:22.594723,2025-04-28 19:02:56.586973,0 days 00:21:33.992250,0.3086470598078886,0.4147859849432384,1000,COMPLETE
3,3,0.0020431617928744735,2025-04-28 19:02:56.587225,2025-04-28 19:05:56.531561,0 days 00:02:59.944336,0.6465386433578042,0.7177407723532967,1500,COMPLETE
4,4,0.0005118689615458443,2025-04-28 19:05:56.531823,2025-04-28 19:12:02.244580,0 days 00:06:05.712757,0.7847251436675672,0.5582727494646956,1000,COMPLETE
5,5,0.006745577192312587,2025-04-28 19:12:02.244840,2025-04-28 19:15:05.750058,0 days 00:03:03.505218,0.61967341070099,0.7114077908714562,1500,COMPLETE
6,6,0.0005118689615458443,2025-04-28 19:15:05.750311,2025-04-28 19:43:15.805542,0 days 00:28:10.055231,0.7704201048819486,0.39222068190270143,4500,COMPLETE
7,7,0.5174250210221434,2025-04-28 19:43:15.805802,2025-04-28 20:36:18.744968,0 days 00:53:02.939166,0.36128324547898605,0.30874514238049305,2000,COMPLETE
8,8,0.0007671653241273494,2025-04-28 20:36:18.745226,2025-04-28 20:40:51.357821,0 days 00:04:32.612595,0.6820150673696783,0.7614907947891427,5000,COMPLETE
9,9,0.47836911080839867,2025-04-28 20:40:51.358082,2025-04-28 20:45:06.144041,0 days 00:04:14.785959,0.3977962530476149,0.6339350040287428,2000,COMPLETE
10,10,0.10409101912369888,2025-04-28 20:45:06.144304,2025-04-28 20:58:26.408550,0 days 00:13:20.264246,0.5227642877607624,0.4832738902349456,3500,COMPLETE
11,11,0.6086769389687527,2025-04-28 20:58:26.408825,2025-04-28 21:48:19.597489,0 days 00:49:53.188664,0.30125310014426393,0.31701072443420303,500,COMPLETE
12,12,0.620485691673262,2025-04-28 21:48:19.597761,2025-04-28 22:06:16.718309,0 days 00:17:57.120548,0.3039594686449202,0.4361188201035362,500,COMPLETE
13,13,0.000128,2025-04-28 22:06:16.718584,2025-04-28 22:21:30.278959,0 days 00:15:13.560375,0.8905547488058316,0.4542283018322323,500,COMPLETE
14,14,0.11860032411019748,2025-04-28 22:21:30.279228,2025-04-28 22:34:49.255881,0 days 00:13:18.976653,0.5143283505567587,0.4804724853601172,3000,COMPLETE
15,15,0.6141065580317917,2025-04-28 22:34:49.256137,2025-04-28 22:40:16.901075,0 days 00:05:27.644938,0.306497903823148,0.569871323609834,500,COMPLETE
16,16,0.22300243501897052,2025-04-28 22:40:16.901358,2025-04-28 23:03:04.126084,0 days 00:22:47.224726,0.48163257181412156,0.4139221193136958,1000,COMPLETE
17,17,0.37123900632618423,2025-04-28 23:03:04.126358,2025-04-28 23:13:15.003279,0 days 00:10:10.876921,0.4268828743126734,0.5123561178113274,3000,COMPLETE
18,18,0.05196096712039282,2025-04-28 23:13:15.003570,2025-04-28 23:17:34.956086,0 days 00:04:19.952516,0.5590198007740413,0.6014975773721214,1000,COMPLETE
19,19,0.5547274849600432,2025-04-28 23:17:34.956376,2025-04-28 23:37:58.475069,0 days 00:20:23.518693,0.34571653987986917,0.4344189420999585,4000,COMPLETE
20,20,0.3334921391138638,2025-04-28 23:37:58.475346,2025-04-29 00:08:45.086808,0 days 00:30:46.611462,0.43612492813845705,0.3795706039673611,2500,COMPLETE
21,21,0.5725220382713395,2025-04-29 00:08:45.087086,2025-04-29 00:15:13.189759,0 days 00:06:28.102673,0.348633608518591,0.55238406092346,500,COMPLETE
22,22,0.612625928663114,2025-04-29 00:15:13.190046,2025-04-29 00:18:59.067670,0 days 00:03:45.877624,0.30106116942095923,0.6204418413472561,500,COMPLETE
23,23,0.6234112092966954,2025-04-29 00:18:59.067973,2025-04-29 00:27:23.165548,0 days 00:08:24.097575,0.30220723334688804,0.5187745593683153,1000,COMPLETE
24,24,0.5105069124423963,2025-04-29 00:27:23.165836,2025-04-29 00:36:24.664126,0 days 00:09:01.498290,0.3742146793029808,0.5117323835345362,1500,COMPLETE
25,25,0.3861913542306904,2025-04-29 00:36:24.664405,2025-04-29 01:13:34.922617,0 days 00:37:10.258212,0.4209521550982027,0.35340899420902305,1000,COMPLETE
26,26,0.5652790079716563,2025-04-29 01:13:34.922889,2025-04-29 01:32:27.801692,0 days 00:18:52.878803,0.34028332997936694,0.4357432153677176,1500,COMPLETE
27,27,0.32196003401360546,2025-04-29 01:32:27.801976,2025-04-29 01:41:09.978623,0 days 00:08:42.176647,0.45187359037769703,0.5130301661343807,1000,COMPLETE
28,28,0.574024725874798,2025-04-29 01:41:09.978917,2025-04-29 01:55:10.299588,0 days 00:14:00.320671,0.33185452448779745,0.4685041687870418,2500,COMPLETE
29,29,0.19132240941610892,2025-04-29 01:55:10.299868,2025-04-29 02:37:16.953705,0 days 00:42:06.653837,0.4828349779497991,0.3399789919826912,1500,COMPLETE
30,30,0.03888610135474159,2025-04-29 02:37:16.953970,2025-04-29 03:05:24.321801,0 days 00:28:07.367831,0.5663588045976777,0.3875618382661653,1000,COMPLETE
31,31,0.6125094437154558,2025-04-29 03:05:24.322091,2025-04-29 03:10:21.458970,0 days 00:04:57.136879,0.30624254534069817,0.5805671976963186,500,COMPLETE
32,32,0.49776161163961946,2025-04-29 03:10:21.459258,2025-04-29 03:17:52.846154,0 days 00:07:31.386896,0.39095985696998903,0.530629199477154,500,COMPLETE
33,33,0.49876746096959734,2025-04-29 03:17:52.846437,2025-04-29 03:21:17.941684,0 days 00:03:25.095247,0.38900356236986344,0.6525407282492877,1000,COMPLETE
34,34,0.5916150977418958,2025-04-29 03:21:17.941965,2025-04-29 03:24:37.076778,0 days 00:03:19.134813,0.32816205880486915,0.6776100781498081,1500,COMPLETE
35,35,0.530862539725169,2025-04-29 03:24:37.077068,2025-04-29 03:29:48.613353,0 days 00:05:11.536285,0.3729193647160406,0.5755715576231243,500,COMPLETE
36,36,0.42285828263688047,2025-04-29 03:29:48.613642,2025-04-29 03:51:28.984404,0 days 00:21:40.370762,0.40890427110814387,0.41937217729471643,2000,COMPLETE
37,37,0.0005118362124120282,2025-04-29 03:51:28.984683,2025-04-29 04:02:43.959428,0 days 00:11:14.974745,0.7424694059950405,0.4916402265920742,1000,COMPLETE
38,38,0.6171887680571336,2025-04-29 04:02:43.959735,2025-04-29 04:09:33.772482,0 days 00:06:49.812747,0.3059809925120319,0.5487888036515305,1500,COMPLETE
39,39,0.5386378961564396,2025-04-29 04:09:33.772764,2025-04-29 04:17:00.751698,0 days 00:07:26.978934,0.367166462748475,0.5387983097989464,1500,COMPLETE
40,40,0.002556727388942154,2025-04-29 04:17:00.751980,2025-04-29 04:32:52.302896,0 days 00:15:51.550916,0.6327303767716557,0.45212668269149514,2000,COMPLETE
41,41,0.6050281858206805,2025-04-29 04:32:52.303182,2025-04-29 04:38:37.918335,0 days 00:05:45.615153,0.31873061957350773,0.567774401346092,1000,COMPLETE
42,42,0.5795942925906825,2025-04-29 04:38:37.918618,2025-04-29 04:46:04.045512,0 days 00:07:26.126894,0.34433265930962714,0.5345584268543975,500,COMPLETE
43,43,0.6176260986618101,2025-04-29 04:46:04.045796,2025-04-29 04:50:24.819966,0 days 00:04:20.774170,0.3001923741978367,0.6105609880385471,1500,COMPLETE
44,44,0.00025598361704850896,2025-04-29 04:50:24.820251,2025-04-29 04:53:41.875906,0 days 00:03:17.055655,0.8568833738680329,0.6793732571115002,1500,COMPLETE
45,45,0.000767656090071648,2025-04-29 04:53:41.876188,2025-04-29 04:58:35.566236,0 days 00:04:53.690048,0.6823364629292971,0.5989177926410426,2000,COMPLETE
46,46,0.5406435599680879,2025-04-29 04:58:35.566522,2025-04-29 05:03:06.613852,0 days 00:04:31.047330,0.3621731596786442,0.6384024584382485,2500,COMPLETE
47,47,0.6090374941877669,2025-04-29 05:03:06.614141,2025-04-29 05:27:55.129540,0 days 00:24:48.515399,0.30013409191789275,0.40239483023710787,1500,COMPLETE
48,48,0.5911570247933884,2025-04-29 05:27:55.129825,2025-04-29 05:32:13.786940,0 days 00:04:18.657115,0.331017433248712,0.7936990187099133,5000,COMPLETE
49,49,0.3165421897346258,2025-04-29 05:32:13.787394,2025-04-29 05:36:29.728570,0 days 00:04:15.941176,0.45488601509077453,0.6053991453784969,1000,COMPLETE
