,number,value,datetime_start,datetime_complete,duration,params_c_alpha,params_n_components,params_threshold_mult,state
0,0,0.03554453399462699,2025-04-28 17:09:23.548897,2025-04-28 17:09:45.976145,0 days 00:00:22.427248,3.8906,30,1.4545863587416283,COMPLETE
1,1,0.03477478214621773,2025-04-28 17:09:45.976392,2025-04-28 17:10:08.470120,0 days 00:00:22.493728,3.8906,39,0.25174750847245175,COMPLETE
2,2,0.03857693956279468,2025-04-28 17:10:08.470349,2025-04-28 17:10:30.964652,0 days 00:00:22.494303,3.8906,49,1.8153384797058303,COMPLETE
3,3,0.04426002766251729,2025-04-28 17:10:30.964876,2025-04-28 17:10:53.453220,0 days 00:00:22.488344,3.8906,168,1.4154363943541242,COMPLETE
4,4,0.033778397768035075,2025-04-28 17:10:53.453453,2025-04-28 17:11:15.926304,0 days 00:00:22.472851,3.8906,63,1.9395928437427221,COMPLETE
5,5,0.045176422598409136,2025-04-28 17:11:15.926521,2025-04-28 17:11:38.405683,0 days 00:00:22.479162,3.8906,172,0.655478337227354,COMPLETE
6,6,0.048336221067128704,2025-04-28 17:11:38.405910,2025-04-28 17:12:00.890336,0 days 00:00:22.484426,3.8906,182,0.1296549236700598,COMPLETE
7,7,0.039232131208647845,2025-04-28 17:12:00.890572,2025-04-28 17:12:23.351785,0 days 00:00:22.461213,3.8906,76,1.1834815195101411,COMPLETE
8,8,0.040561881805336215,2025-04-28 17:12:23.352019,2025-04-28 17:12:45.821041,0 days 00:00:22.469022,3.8906,95,0.7204262342576833,COMPLETE
9,9,0.04060242670317738,2025-04-28 17:12:45.821254,2025-04-28 17:13:08.293334,0 days 00:00:22.472080,3.8906,90,1.2999828034907601,COMPLETE
10,10,0.05314641004316661,2025-04-28 17:13:08.293548,2025-04-28 17:13:30.784325,0 days 00:00:22.490777,3.8906,137,0.11640810234968119,COMPLETE
11,11,0.05146642966793245,2025-04-28 17:13:30.784565,2025-04-28 17:13:53.260614,0 days 00:00:22.476049,3.8906,137,0.15027543311580735,COMPLETE
12,12,0.047943100496114506,2025-04-28 17:13:53.260846,2025-04-28 17:14:15.737898,0 days 00:00:22.477052,3.8906,132,0.4813763579677336,COMPLETE
13,13,0.046058458813108945,2025-04-28 17:14:15.738127,2025-04-28 17:14:38.226738,0 days 00:00:22.488611,3.8906,130,0.858524528793098,COMPLETE
14,14,0.04808232801487439,2025-04-28 17:14:38.226962,2025-04-28 17:15:00.712722,0 days 00:00:22.485760,3.8906,134,0.3855169731511716,COMPLETE
15,15,0.05036216446527482,2025-04-28 17:15:00.712964,2025-04-28 17:15:23.193408,0 days 00:00:22.480444,3.8906,150,0.12368467362666774,COMPLETE
16,16,0.04192160423163463,2025-04-28 17:15:23.193641,2025-04-28 17:15:45.682304,0 days 00:00:22.488663,3.8906,114,0.5215424811994569,COMPLETE
17,17,0.046254877700580566,2025-04-28 17:15:45.682528,2025-04-28 17:16:08.193350,0 days 00:00:22.510822,3.8906,153,0.9663124942646737,COMPLETE
18,18,0.041052782148476616,2025-04-28 17:16:08.193570,2025-04-28 17:16:30.692525,0 days 00:00:22.498955,3.8906,112,0.29480165473695186,COMPLETE
19,19,0.04698265895953757,2025-04-28 17:16:30.692753,2025-04-28 17:16:53.178409,0 days 00:00:22.485656,3.8906,149,0.6643979249661675,COMPLETE
20,20,0.040763037644157535,2025-04-28 17:16:53.178638,2025-04-28 17:17:15.677018,0 days 00:00:22.498380,3.8906,119,0.346809983666751,COMPLETE
21,21,0.05164479290949378,2025-04-28 17:17:15.677263,2025-04-28 17:17:38.164817,0 days 00:00:22.487554,3.8906,155,0.1089594198890447,COMPLETE
22,22,0.04862717709197259,2025-04-28 17:17:38.165187,2025-04-28 17:18:00.654525,0 days 00:00:22.489338,3.8906,160,0.14693230239960187,COMPLETE
23,23,0.048025134649910234,2025-04-28 17:18:00.654763,2025-04-28 17:18:23.142077,0 days 00:00:22.487314,3.8906,141,0.4882827080641433,COMPLETE
24,24,0.04750768101985601,2025-04-28 17:18:23.142320,2025-04-28 17:18:45.629603,0 days 00:00:22.487283,3.8906,177,0.29479314224512043,COMPLETE
25,25,0.048696273365876896,2025-04-28 17:18:45.629839,2025-04-28 17:19:08.130635,0 days 00:00:22.500796,3.8906,121,0.1004398257005046,COMPLETE
26,26,0.04521484375,2025-04-28 17:19:08.130862,2025-04-28 17:19:30.618172,0 days 00:00:22.487310,3.8906,161,0.5415912011694298,COMPLETE
27,27,0.04941448976965642,2025-04-28 17:19:30.618394,2025-04-28 17:19:53.109314,0 days 00:00:22.490920,3.8906,141,0.24768424463627958,COMPLETE
28,28,0.04086167963009427,2025-04-28 17:19:53.109536,2025-04-28 17:20:15.596677,0 days 00:00:22.487141,3.8906,102,0.38897181523876045,COMPLETE
29,29,0.04300168634064081,2025-04-28 17:20:15.596907,2025-04-28 17:20:38.093122,0 days 00:00:22.496215,3.8906,126,1.695805625265093,COMPLETE
30,30,0.046463212680387986,2025-04-28 17:20:38.093356,2025-04-28 17:21:00.597409,0 days 00:00:22.504053,3.8906,142,0.9060756931207365,COMPLETE
31,31,0.049718409010911645,2025-04-28 17:21:00.597631,2025-04-28 17:21:23.112727,0 days 00:00:22.515096,3.8906,187,0.10376453776980543,COMPLETE
32,32,0.048763557483731026,2025-04-28 17:21:23.112968,2025-04-28 17:21:45.620874,0 days 00:00:22.507906,3.8906,156,0.21413451726580418,COMPLETE
33,33,0.04816059274575687,2025-04-28 17:21:45.621109,2025-04-28 17:22:08.152271,0 days 00:00:22.531162,3.8906,146,0.22729608727341327,COMPLETE
34,34,0.03040317250495704,2025-04-28 17:22:08.152507,2025-04-28 17:22:30.655999,0 days 00:00:22.503492,3.8906,25,0.3761585931249286,COMPLETE
35,35,0.0437902028698664,2025-04-28 17:22:30.656230,2025-04-28 17:22:53.140292,0 days 00:00:22.484062,3.8906,168,1.5462093243305925,COMPLETE
36,36,0.04776253654148865,2025-04-28 17:22:53.140521,2025-04-28 17:23:15.628596,0 days 00:00:22.488075,3.8906,164,0.21790231595318768,COMPLETE
37,37,0.031094353674998836,2025-04-28 17:23:15.628834,2025-04-28 17:23:38.107166,0 days 00:00:22.478332,3.8906,40,0.44635630656257425,COMPLETE
38,38,0.04538697849568923,2025-04-28 17:23:38.107398,2025-04-28 17:24:00.595104,0 days 00:00:22.487706,3.8906,173,0.59729353303782,COMPLETE
39,39,0.041741819118783816,2025-04-28 17:24:00.595333,2025-04-28 17:24:23.083474,0 days 00:00:22.488141,3.8906,80,0.8012637100916071,COMPLETE
40,40,0.040447012508730715,2025-04-28 17:24:23.083723,2025-04-28 17:24:45.563535,0 days 00:00:22.479812,3.8906,107,0.18537630221638832,COMPLETE
41,41,0.049207746478873236,2025-04-28 17:24:45.563789,2025-04-28 17:25:08.063776,0 days 00:00:22.499987,3.8906,180,0.1017247517873859,COMPLETE
42,42,0.04978450171519043,2025-04-28 17:25:08.064013,2025-04-28 17:25:30.561943,0 days 00:00:22.497930,3.8906,187,0.10112245169595627,COMPLETE
43,43,0.048552182661184495,2025-04-28 17:25:30.562168,2025-04-28 17:25:53.048144,0 days 00:00:22.485976,3.8906,152,0.310107837660791,COMPLETE
44,44,0.05023625963690624,2025-04-28 17:25:53.048391,2025-04-28 17:26:15.549000,0 days 00:00:22.500609,3.8906,137,0.20530826724575602,COMPLETE
45,45,0.04954157953997105,2025-04-28 17:26:15.549242,2025-04-28 17:26:38.032264,0 days 00:00:22.483022,3.8906,124,0.21249641299056687,COMPLETE
46,46,0.04329998359849106,2025-04-28 17:26:38.032504,2025-04-28 17:27:00.520111,0 days 00:00:22.487607,3.8906,140,1.9995322360471028,COMPLETE
47,47,0.04508276533592989,2025-04-28 17:27:00.520345,2025-04-28 17:27:23.023736,0 days 00:00:22.503391,3.8906,134,1.0410046850535828,COMPLETE
48,48,0.04790834924492276,2025-04-28 17:27:23.023977,2025-04-28 17:27:45.518488,0 days 00:00:22.494511,3.8906,132,0.42724954477831745,COMPLETE
49,49,0.048344947735191636,2025-04-28 17:27:45.518728,2025-04-28 17:28:08.008988,0 days 00:00:22.490260,3.8906,149,0.30295519546237437,COMPLETE
50,50,0.041946230000469195,2025-04-28 17:28:08.009234,2025-04-28 17:28:30.494521,0 days 00:00:22.485287,3.8906,116,1.1895497107298938,COMPLETE
51,51,0.04857155473131099,2025-04-28 17:28:30.494756,2025-04-28 17:28:52.992901,0 days 00:00:22.498145,3.8906,169,0.14895824060406132,COMPLETE
52,52,0.04887754660668714,2025-04-28 17:28:52.993141,2025-04-28 17:29:15.494628,0 days 00:00:22.501487,3.8906,156,0.19541430227537918,COMPLETE
53,53,0.041105056877927544,2025-04-28 17:29:15.494865,2025-04-28 17:29:37.978533,0 days 00:00:22.483668,3.8906,59,0.27854734930873515,COMPLETE
54,54,0.048315662327204405,2025-04-28 17:29:37.978762,2025-04-28 17:30:00.470915,0 days 00:00:22.492153,3.8906,184,0.15395852868814813,COMPLETE
55,55,0.04803380476026216,2025-04-28 17:30:00.471154,2025-04-28 17:30:22.958364,0 days 00:00:22.487210,3.8906,134,0.36430008094250244,COMPLETE
56,56,0.04718313066448058,2025-04-28 17:30:22.958606,2025-04-28 17:30:45.436489,0 days 00:00:22.477883,3.8906,162,0.2574737636506519,COMPLETE
57,57,0.04870920603994155,2025-04-28 17:30:45.436732,2025-04-28 17:31:07.939567,0 days 00:00:22.502835,3.8906,175,0.16107130597012642,COMPLETE
58,58,0.047707250960018065,2025-04-28 17:31:07.939832,2025-04-28 17:31:30.426632,0 days 00:00:22.486800,3.8906,146,0.5349682269627877,COMPLETE
59,59,0.047112970711297074,2025-04-28 17:31:30.426866,2025-04-28 17:31:52.937540,0 days 00:00:22.510674,3.8906,126,0.33749943767041674,COMPLETE
60,60,0.044739208633093525,2025-04-28 17:31:52.937782,2025-04-28 17:32:15.436815,0 days 00:00:22.499033,3.8906,108,0.10103550238733904,COMPLETE
61,61,0.04885388087441367,2025-04-28 17:32:15.437050,2025-04-28 17:32:37.933123,0 days 00:00:22.496073,3.8906,179,0.15279566520929572,COMPLETE
62,62,0.0462214005084354,2025-04-28 17:32:37.933361,2025-04-28 17:33:00.427937,0 days 00:00:22.494576,3.8906,187,0.26593303863383244,COMPLETE
63,63,0.05434103685196751,2025-04-28 17:33:00.428176,2025-04-28 17:33:22.924231,0 days 00:00:22.496055,3.8906,138,0.10072084288714109,COMPLETE
64,64,0.04811688027645335,2025-04-28 17:33:22.924469,2025-04-28 17:33:45.413031,0 days 00:00:22.488562,3.8906,139,0.43868879981788345,COMPLETE
65,65,0.03812960457074124,2025-04-28 17:33:45.413270,2025-04-28 17:34:07.904457,0 days 00:00:22.491187,3.8906,99,0.1935815044977189,COMPLETE
66,66,0.0485479356193142,2025-04-28 17:34:07.904702,2025-04-28 17:34:30.410612,0 days 00:00:22.505910,3.8906,157,0.31252950805953583,COMPLETE
67,67,0.049280800500312694,2025-04-28 17:34:30.410852,2025-04-28 17:34:52.914867,0 days 00:00:22.504015,3.8906,129,0.24622450663683282,COMPLETE
68,68,0.04890866709048527,2025-04-28 17:34:52.915107,2025-04-28 17:35:15.415534,0 days 00:00:22.500427,3.8906,145,0.15570491946523451,COMPLETE
69,69,0.04810489297963791,2025-04-28 17:35:15.415796,2025-04-28 17:35:37.903781,0 days 00:00:22.487985,3.8906,137,0.41493122130182003,COMPLETE
70,70,0.05181655747468731,2025-04-28 17:35:37.904024,2025-04-28 17:36:00.392450,0 days 00:00:22.488426,3.8906,153,0.10240777065982865,COMPLETE
71,71,0.051499237675758085,2025-04-28 17:36:00.392694,2025-04-28 17:36:22.894058,0 days 00:00:22.501364,3.8906,150,0.10004982111944957,COMPLETE
72,72,0.048769904976786564,2025-04-28 17:36:22.894289,2025-04-28 17:36:45.379433,0 days 00:00:22.485144,3.8906,152,0.20734949313336318,COMPLETE
73,73,0.04929275610801544,2025-04-28 17:36:45.379679,2025-04-28 17:37:07.868599,0 days 00:00:22.488920,3.8906,149,0.15452532929776355,COMPLETE
74,74,0.04722058890044778,2025-04-28 17:37:07.868844,2025-04-28 17:37:30.380211,0 days 00:00:22.511367,3.8906,165,0.24156549004317496,COMPLETE
75,75,0.04865991661703394,2025-04-28 17:37:30.380456,2025-04-28 17:37:52.914684,0 days 00:00:22.534228,3.8906,121,0.10077330512054493,COMPLETE
76,76,0.04668569022781494,2025-04-28 17:37:52.914924,2025-04-28 17:38:15.411134,0 days 00:00:22.496210,3.8906,160,0.3451936939031306,COMPLETE
77,77,0.049831257030957046,2025-04-28 17:38:15.411372,2025-04-28 17:38:37.909051,0 days 00:00:22.497679,3.8906,143,0.1783768335293738,COMPLETE
78,78,0.04700073152889539,2025-04-28 17:38:37.909310,2025-04-28 17:39:00.394216,0 days 00:00:22.484906,3.8906,137,0.7249408939672279,COMPLETE
79,79,0.042956343866070945,2025-04-28 17:39:00.394454,2025-04-28 17:39:22.891965,0 days 00:00:22.497511,3.8906,130,1.803742622679466,COMPLETE
80,80,0.0486359278305587,2025-04-28 17:39:22.892219,2025-04-28 17:39:45.372811,0 days 00:00:22.480592,3.8906,155,0.2773561904288797,COMPLETE
81,81,0.04836233367451381,2025-04-28 17:39:45.373080,2025-04-28 17:40:07.852058,0 days 00:00:22.478978,3.8906,144,0.1774867335629455,COMPLETE
82,82,0.04422958239045464,2025-04-28 17:40:07.852303,2025-04-28 17:40:30.305096,0 days 00:00:22.452793,3.8906,149,1.4549120806077354,COMPLETE
83,83,0.049509140148950574,2025-04-28 17:40:30.305335,2025-04-28 17:40:52.800578,0 days 00:00:22.495243,3.8906,142,0.21239032528535584,COMPLETE
84,84,0.05221157316437422,2025-04-28 17:40:52.800824,2025-04-28 17:41:15.282344,0 days 00:00:22.481520,3.8906,137,0.13553586545011664,COMPLETE
85,85,0.051974133429730486,2025-04-28 17:41:15.282585,2025-04-28 17:41:37.753715,0 days 00:00:22.471130,3.8906,138,0.13969393164644645,COMPLETE
86,86,0.05027742210840803,2025-04-28 17:41:37.753956,2025-04-28 17:42:00.235162,0 days 00:00:22.481206,3.8906,151,0.1318449027086822,COMPLETE
87,87,0.04892402283706631,2025-04-28 17:42:00.235402,2025-04-28 17:42:22.724646,0 days 00:00:22.489244,3.8906,170,0.13296178601680878,COMPLETE
88,88,0.040903890160183067,2025-04-28 17:42:22.724905,2025-04-28 17:42:45.197080,0 days 00:00:22.472175,3.8906,118,0.30331620862044395,COMPLETE
89,89,0.04876776633198592,2025-04-28 17:42:45.197327,2025-04-28 17:43:07.678496,0 days 00:00:22.481169,3.8906,157,0.24044940536535697,COMPLETE
90,90,0.04658823529411765,2025-04-28 17:43:07.678744,2025-04-28 17:43:30.161606,0 days 00:00:22.482862,3.8906,166,0.3562125633418325,COMPLETE
91,91,0.050219925695007904,2025-04-28 17:43:30.161858,2025-04-28 17:43:52.637686,0 days 00:00:22.475828,3.8906,150,0.13306145046451745,COMPLETE
92,92,0.054236489933676066,2025-04-28 17:43:52.637936,2025-04-28 17:44:15.130563,0 days 00:00:22.492627,3.8906,135,0.10233935513752972,COMPLETE
93,93,0.051367287981320994,2025-04-28 17:44:15.130803,2025-04-28 17:44:37.605621,0 days 00:00:22.474818,3.8906,125,0.1845696588882354,COMPLETE
94,94,0.051438293831361524,2025-04-28 17:44:37.605860,2025-04-28 17:45:00.078182,0 days 00:00:22.472322,3.8906,125,0.18402961138909896,COMPLETE
95,95,0.04933265754350397,2025-04-28 17:45:00.078601,2025-04-28 17:45:22.566133,0 days 00:00:22.487532,3.8906,134,0.24561572307499513,COMPLETE
96,96,0.058226290285362664,2025-04-28 17:45:22.566368,2025-04-28 17:45:45.041799,0 days 00:00:22.475431,3.8906,128,0.10164411554410092,COMPLETE
97,97,0.045961333175186816,2025-04-28 17:45:45.042042,2025-04-28 17:46:07.513795,0 days 00:00:22.471753,3.8906,113,0.11141451512106355,COMPLETE
98,98,0.052086677367576245,2025-04-28 17:46:07.514030,2025-04-28 17:46:29.997061,0 days 00:00:22.483031,3.8906,138,0.13819558179612937,COMPLETE
99,99,0.058973172987974096,2025-04-28 17:46:29.997315,2025-04-28 17:46:52.471251,0 days 00:00:22.473936,3.8906,130,0.10178293315184382,COMPLETE
