,number,value,datetime_start,datetime_complete,duration,params_anomaly_threshold,params_max_dist,params_num_bootstrap_samples,state
0,0,0.7061994609164421,2025-04-25 15:30:02.260135,2025-04-25 15:31:07.721968,0 days 00:01:05.461833,0.3570214490822049,0.6581084888490754,5000,COMPLETE
1,1,0.7008310249307479,2025-04-25 15:31:07.723258,2025-04-25 15:31:53.888330,0 days 00:00:46.165072,0.48868394901655055,0.6780394285497537,4000,COMPLETE
2,2,0.6919831223628692,2025-04-25 15:31:53.888698,2025-04-25 15:32:56.133575,0 days 00:01:02.244877,0.6572874732677596,0.3474482256006228,4500,COMPLETE
3,3,0.708108108108108,2025-04-25 15:32:56.133916,2025-04-25 15:33:16.455011,0 days 00:00:20.321095,0.3819813739186423,0.7479011603853225,2000,COMPLETE
4,4,0.40480274442538594,2025-04-25 15:33:16.455342,2025-04-25 15:33:53.866941,0 days 00:00:37.411599,0.7112294772692187,0.3709370838269154,3000,COMPLETE
5,5,0.6928471248246845,2025-04-25 15:33:53.867278,2025-04-25 15:34:49.232888,0 days 00:00:55.365610,0.6061586021925353,0.6998376222211267,4500,COMPLETE
6,6,0.6770981507823612,2025-04-25 15:34:49.233219,2025-04-25 15:35:01.227282,0 days 00:00:11.994063,0.8643254584395776,0.7491019131534844,500,COMPLETE
7,7,0.3910034602076125,2025-04-25 15:35:01.227630,2025-04-25 15:35:36.741076,0 days 00:00:35.513446,0.8385505443424766,0.46079544227073044,3000,COMPLETE
8,8,0.712707182320442,2025-04-25 15:35:36.741412,2025-04-25 15:36:28.359044,0 days 00:00:51.617632,0.4169302028189729,0.4126616643567905,4000,COMPLETE
9,9,0.388214904679376,2025-04-25 15:36:28.359378,2025-04-25 15:37:19.617622,0 days 00:00:51.258244,0.8898417374172223,0.4244683241794646,4000,COMPLETE
10,10,0.702928870292887,2025-04-25 15:37:19.617958,2025-04-25 15:37:41.676946,0 days 00:00:22.058988,0.4912137557075805,0.5446473263609106,2000,COMPLETE
11,11,0.7074468085106385,2025-04-25 15:37:41.677286,2025-04-25 15:37:59.016017,0 days 00:00:17.338731,0.32080953421506075,0.5815845951410255,1500,COMPLETE
12,12,0.7078189300411522,2025-04-25 15:37:59.016350,2025-04-25 15:38:19.301239,0 days 00:00:20.284889,0.4502551342549194,0.7855106890403757,2000,COMPLETE
13,13,0.7154696132596685,2025-04-25 15:38:19.301590,2025-04-25 15:38:59.169637,0 days 00:00:39.868047,0.4337153816207637,0.5289565327663787,3500,COMPLETE
14,14,0.7144827586206896,2025-04-25 15:38:59.169991,2025-04-25 15:39:39.659212,0 days 00:00:40.489221,0.4353641469147287,0.5130395392034626,3500,COMPLETE
15,15,0.6956521739130436,2025-04-25 15:39:39.659552,2025-04-25 15:40:19.116135,0 days 00:00:39.456583,0.5411342309736774,0.53163653070418,3500,COMPLETE
16,16,0.7282463186077643,2025-04-25 15:40:19.116491,2025-04-25 15:40:53.624049,0 days 00:00:34.507558,0.3033764268854214,0.4922167939319879,3000,COMPLETE
17,17,0.7133421400264202,2025-04-25 15:40:53.624391,2025-04-25 15:41:19.499929,0 days 00:00:25.875538,0.3009315528363036,0.5998032811170885,2500,COMPLETE
18,18,0.6938202247191012,2025-04-25 15:41:19.500265,2025-04-25 15:41:41.950722,0 days 00:00:22.450457,0.5491085607070157,0.3019379646347814,1000,COMPLETE
19,19,0.7185792349726776,2025-04-25 15:41:41.951069,2025-04-25 15:42:10.984394,0 days 00:00:29.033325,0.3607075752255004,0.4847588418634431,2500,COMPLETE
20,20,0.40480274442538594,2025-04-25 15:42:10.984728,2025-04-25 15:42:40.327666,0 days 00:00:29.342938,0.7522099484314873,0.46735063873979515,2500,COMPLETE
21,21,0.7272727272727273,2025-04-25 15:42:40.328011,2025-04-25 15:43:22.568800,0 days 00:00:42.240789,0.35778217774048965,0.4782130424452649,3500,COMPLETE
22,22,0.7205479452054794,2025-04-25 15:43:22.569144,2025-04-25 15:43:57.489362,0 days 00:00:34.920218,0.3625475223558862,0.4836311146421481,3000,COMPLETE
23,23,0.7133243606998654,2025-04-25 15:43:57.489702,2025-04-25 15:44:29.329710,0 days 00:00:31.840008,0.32024230948518023,0.5885299471080582,3000,COMPLETE
24,24,0.718019257221458,2025-04-25 15:44:29.330189,2025-04-25 15:45:12.549875,0 days 00:00:43.219686,0.38254801672131994,0.42665271492950074,3500,COMPLETE
25,25,0.7282463186077643,2025-04-25 15:45:12.550219,2025-04-25 15:45:47.320921,0 days 00:00:34.770702,0.30356130944885035,0.489577066726704,3000,COMPLETE
26,26,0.7072847682119205,2025-04-25 15:45:47.321261,2025-04-25 15:46:04.513488,0 days 00:00:17.192227,0.3171292756949607,0.6356570288514753,1500,COMPLETE
27,27,0.7065368567454798,2025-04-25 15:46:04.513832,2025-04-25 15:47:06.244306,0 days 00:01:01.730474,0.4833255861536585,0.3704645610348801,4500,COMPLETE
28,28,0.7150684931506849,2025-04-25 15:47:06.244652,2025-04-25 15:47:32.619790,0 days 00:00:26.375138,0.3979184799350883,0.5672577319906085,2500,COMPLETE
29,29,0.7061994609164421,2025-04-25 15:47:32.620133,2025-04-25 15:48:38.204107,0 days 00:01:05.583974,0.3451912172982315,0.6330150716065347,5000,COMPLETE
30,30,0.6993006993006993,2025-04-25 15:48:38.204459,2025-04-25 15:49:27.341028,0 days 00:00:49.136569,0.560695222118842,0.507805806018346,4000,COMPLETE
31,31,0.7272727272727273,2025-04-25 15:49:27.341389,2025-04-25 15:50:03.061711,0 days 00:00:35.720322,0.3516062362048168,0.4546310472694736,3000,COMPLETE
32,32,0.7162162162162161,2025-04-25 15:50:03.062072,2025-04-25 15:50:45.918901,0 days 00:00:42.856829,0.3021280785277374,0.44620756135166484,3500,COMPLETE
33,33,0.717032967032967,2025-04-25 15:50:45.919265,2025-04-25 15:51:22.791263,0 days 00:00:36.871998,0.3441920136388567,0.3970799931206609,3000,COMPLETE
34,34,0.7065368567454798,2025-04-25 15:51:22.791603,2025-04-25 15:52:04.500902,0 days 00:00:41.709299,0.4791690267316591,0.48842039054257325,3500,COMPLETE
35,35,0.718019257221458,2025-04-25 15:52:04.501243,2025-04-25 15:52:40.575676,0 days 00:00:36.074433,0.39865338744678125,0.4407948029807593,3000,COMPLETE
36,36,0.717032967032967,2025-04-25 15:52:40.576020,2025-04-25 15:53:11.959750,0 days 00:00:31.383730,0.3494185630687615,0.37522720308866797,2500,COMPLETE
37,37,0.6919831223628692,2025-04-25 15:53:11.960090,2025-04-25 15:54:05.970213,0 days 00:00:54.010123,0.6255903436729399,0.32002075868546853,4000,COMPLETE
38,38,0.7232876712328766,2025-04-25 15:54:05.970557,2025-04-25 15:55:04.112585,0 days 00:00:58.142028,0.3863672274220656,0.503201359203885,4500,COMPLETE
39,39,0.7011173184357541,2025-04-25 15:55:04.112934,2025-04-25 15:55:25.895622,0 days 00:00:21.782688,0.5081358587603978,0.5577073157262015,2000,COMPLETE
40,40,0.40480274442538594,2025-04-25 15:55:25.895962,2025-04-25 15:56:01.359371,0 days 00:00:35.463409,0.7469258909561807,0.4614164886505657,3000,COMPLETE
41,41,0.7232876712328766,2025-04-25 15:56:01.359712,2025-04-25 15:57:09.733639,0 days 00:01:08.373927,0.38691194931285416,0.5051056182250578,5000,COMPLETE
42,42,0.7144827586206896,2025-04-25 15:57:09.733996,2025-04-25 15:58:10.317665,0 days 00:01:00.583669,0.409207119163831,0.4024720212828861,4500,COMPLETE
43,43,0.7137042062415195,2025-04-25 15:58:10.318014,2025-04-25 15:59:07.164770,0 days 00:00:56.846756,0.3316578270408335,0.5269425872957418,4500,COMPLETE
44,44,0.7197802197802198,2025-04-25 15:59:07.165122,2025-04-25 15:59:57.260373,0 days 00:00:50.095251,0.37160421062424315,0.4738249441559634,4000,COMPLETE
45,45,0.710124826629681,2025-04-25 15:59:57.260721,2025-04-25 16:00:40.044382,0 days 00:00:42.783661,0.46198155374504585,0.4405709374640462,3500,COMPLETE
46,46,0.7162534435261708,2025-04-25 16:00:40.044725,2025-04-25 16:01:29.590156,0 days 00:00:49.545431,0.41734204544228104,0.4974702882707534,4000,COMPLETE
47,47,0.7137042062415195,2025-04-25 16:01:29.590508,2025-04-25 16:02:36.456799,0 days 00:01:06.866291,0.33247654535968657,0.5476566417180598,5000,COMPLETE
48,48,0.4102564102564103,2025-04-25 16:02:36.457154,2025-04-25 16:02:57.519701,0 days 00:00:21.062547,0.6837245439343668,0.6114005509916898,2000,COMPLETE
49,49,0.732620320855615,2025-04-25 16:02:57.520069,2025-04-25 16:03:33.389632,0 days 00:00:35.869563,0.3031824809040604,0.4523447133537472,3000,COMPLETE
