,number,value,datetime_start,datetime_complete,duration,params_c_alpha,params_n_components,params_threshold_mult,state
0,0,0.028708133971291867,2025-04-15 14:37:14.668295,2025-04-15 14:37:15.783693,0 days 00:00:01.115398,3.8906,28,1.932019127681888,COMPLETE
1,1,0.0,2025-04-15 14:37:15.784177,2025-04-15 14:37:16.681108,0 days 00:00:00.896931,3.8906,1,1.7631935841151807,COMPLETE
2,2,0.0,2025-04-15 14:37:16.682371,2025-04-15 14:37:17.465576,0 days 00:00:00.783205,3.8906,2,1.9007956935573003,COMPLETE
3,3,0.0012084592145015106,2025-04-15 14:37:17.465927,2025-04-15 14:37:18.377650,0 days 00:00:00.911723,3.8906,1,1.3628733206035377,COMPLETE
4,4,0.40986547085201797,2025-04-15 14:37:18.378381,2025-04-15 14:37:19.372514,0 days 00:00:00.994133,3.8906,16,0.528103225538325,COMPLETE
5,5,0.0011911852293031567,2025-04-15 14:37:19.372934,2025-04-15 14:37:20.365617,0 days 00:00:00.992683,3.8906,1,1.10844350778562,COMPLETE
6,6,0.8645195634815013,2025-04-15 14:37:20.366856,2025-04-15 14:37:21.480092,0 days 00:00:01.113236,3.8906,10,0.25089191177078074,COMPLETE
7,7,0.5365677045619117,2025-04-15 14:37:21.480629,2025-04-15 14:37:22.360508,0 days 00:00:00.879879,3.8906,8,1.412851190387303,COMPLETE
8,8,0.4165890027958994,2025-04-15 14:37:22.361847,2025-04-15 14:37:23.423440,0 days 00:00:01.061593,3.8906,16,1.2432828263206763,COMPLETE
9,9,0.0,2025-04-15 14:37:23.423906,2025-04-15 14:37:24.334915,0 days 00:00:00.911009,3.8906,1,1.9476393965297907,COMPLETE
10,10,0.2565169162506933,2025-04-15 14:37:24.336162,2025-04-15 14:37:25.409930,0 days 00:00:01.073768,3.8906,4,0.1784686542396402,COMPLETE
11,11,0.29967727063162747,2025-04-15 14:37:25.410475,2025-04-15 14:37:26.420747,0 days 00:00:01.010272,3.8906,6,0.6984469870738342,COMPLETE
12,12,0.5344452501812909,2025-04-15 14:37:26.421269,2025-04-15 14:37:27.396165,0 days 00:00:00.974896,3.8906,8,1.5137087240648532,COMPLETE
13,13,0.6565692145121522,2025-04-15 14:37:27.396558,2025-04-15 14:37:28.417454,0 days 00:00:01.020896,3.8906,10,0.7935704013859978,COMPLETE
14,14,0.6280078895463511,2025-04-15 14:37:28.417945,2025-04-15 14:37:29.204917,0 days 00:00:00.786972,3.8906,14,0.7811536469908994,COMPLETE
15,15,0.13963830418025497,2025-04-15 14:37:29.205282,2025-04-15 14:37:30.158243,0 days 00:00:00.952961,3.8906,3,0.2113477209270514,COMPLETE
16,16,0.15602263540824576,2025-04-15 14:37:30.158881,2025-04-15 14:37:31.049803,0 days 00:00:00.890922,3.8906,25,0.46371866279743046,COMPLETE
17,17,0.6017333883615353,2025-04-15 14:37:31.050128,2025-04-15 14:37:31.808577,0 days 00:00:00.758449,3.8906,11,0.9008961686297663,COMPLETE
18,18,0.2019774011299435,2025-04-15 14:37:31.808907,2025-04-15 14:37:32.924841,0 days 00:00:01.115934,3.8906,4,0.48976702047590637,COMPLETE
19,19,0.09662921348314607,2025-04-15 14:37:32.925179,2025-04-15 14:37:33.799752,0 days 00:00:00.874573,3.8906,2,0.1084303654320996,COMPLETE
20,20,0.8661333333333333,2025-04-15 14:37:33.800085,2025-04-15 14:37:34.829903,0 days 00:00:01.029818,3.8906,10,0.3437454481483295,COMPLETE
21,21,0.8657272002127094,2025-04-15 14:37:34.832617,2025-04-15 14:37:35.696741,0 days 00:00:00.864124,3.8906,8,0.3683070672301985,COMPLETE
22,22,0.20245120290512938,2025-04-15 14:37:35.697089,2025-04-15 14:37:36.287112,0 days 00:00:00.590023,3.8906,5,0.386280717352399,COMPLETE
23,23,0.20101899027327463,2025-04-15 14:37:36.287433,2025-04-15 14:37:36.990185,0 days 00:00:00.702752,3.8906,21,0.35585298788839737,COMPLETE
24,24,0.864348287762145,2025-04-15 14:37:36.990506,2025-04-15 14:37:37.621494,0 days 00:00:00.630988,3.8906,7,0.6139402009120029,COMPLETE
25,25,0.936996118244252,2025-04-15 14:37:37.621807,2025-04-15 14:37:38.255475,0 days 00:00:00.633668,3.8906,11,0.2948262774499424,COMPLETE
26,26,0.7637010676156584,2025-04-15 14:37:38.255784,2025-04-15 14:37:39.167197,0 days 00:00:00.911413,3.8906,12,0.31432181018267624,COMPLETE
27,27,0.12373333333333335,2025-04-15 14:37:39.168199,2025-04-15 14:37:40.173227,0 days 00:00:01.005028,3.8906,20,0.9644820725936406,COMPLETE
28,28,0.10386740331491713,2025-04-15 14:37:40.173560,2025-04-15 14:37:40.781941,0 days 00:00:00.608381,3.8906,3,0.6210724770222831,COMPLETE
29,29,0.03771361225692399,2025-04-15 14:37:40.782266,2025-04-15 14:37:41.605904,0 days 00:00:00.823638,3.8906,28,0.3938178526679502,COMPLETE
30,30,0.28781159198654227,2025-04-15 14:37:41.606311,2025-04-15 14:37:42.242825,0 days 00:00:00.636514,3.8906,5,0.12231300761412209,COMPLETE
31,31,0.864348287762145,2025-04-15 14:37:42.243236,2025-04-15 14:37:42.859190,0 days 00:00:00.615954,3.8906,9,0.31406681479028126,COMPLETE
32,32,0.7901148625130525,2025-04-15 14:37:42.859502,2025-04-15 14:37:43.690095,0 days 00:00:00.830593,3.8906,12,0.26803792821121275,COMPLETE
33,33,0.2880886426592798,2025-04-15 14:37:43.690415,2025-04-15 14:37:44.773148,0 days 00:00:01.082733,3.8906,6,0.5392158096481611,COMPLETE
34,34,0.42885453824811737,2025-04-15 14:37:44.773467,2025-04-15 14:37:45.492803,0 days 00:00:00.719336,3.8906,18,0.22337191385241056,COMPLETE
35,35,0.7819706498951782,2025-04-15 14:37:45.493191,2025-04-15 14:37:46.143305,0 days 00:00:00.650114,3.8906,13,0.4365858820083641,COMPLETE
36,36,0.859672658975047,2025-04-15 14:37:46.143627,2025-04-15 14:37:46.781027,0 days 00:00:00.637400,3.8906,9,0.6127834466318163,COMPLETE
37,37,0.869220607661823,2025-04-15 14:37:46.781388,2025-04-15 14:37:47.473614,0 days 00:00:00.692226,3.8906,7,0.26853960631326007,COMPLETE
38,38,0.8550646551724138,2025-04-15 14:37:47.474593,2025-04-15 14:37:48.182279,0 days 00:00:00.707686,3.8906,7,0.7460292570402718,COMPLETE
39,39,0.2881884308971251,2025-04-15 14:37:48.182591,2025-04-15 14:37:48.889180,0 days 00:00:00.706589,3.8906,6,0.5402998339902988,COMPLETE
40,40,0.1565972222222222,2025-04-15 14:37:48.889508,2025-04-15 14:37:50.119425,0 days 00:00:01.229917,3.8906,3,0.29791401851144467,COMPLETE
41,41,0.8655529037390614,2025-04-15 14:37:50.119744,2025-04-15 14:37:50.766313,0 days 00:00:00.646569,3.8906,10,0.19124930722484243,COMPLETE
42,42,0.437246963562753,2025-04-15 14:37:50.766627,2025-04-15 14:37:51.382229,0 days 00:00:00.615602,3.8906,15,1.6383054684891882,COMPLETE
43,43,0.8694503171247357,2025-04-15 14:37:51.382548,2025-04-15 14:37:52.145462,0 days 00:00:00.762914,3.8906,8,0.12064502682271655,COMPLETE
44,44,0.289049301182614,2025-04-15 14:37:52.145790,2025-04-15 14:37:52.795647,0 days 00:00:00.649857,3.8906,5,0.12742074762116967,COMPLETE
45,45,0.8657272002127094,2025-04-15 14:37:52.795981,2025-04-15 14:37:53.624220,0 days 00:00:00.828239,3.8906,8,0.3943599084935014,COMPLETE
46,46,0.4715047150471506,2025-04-15 14:37:53.624726,2025-04-15 14:37:54.596146,0 days 00:00:00.971420,3.8906,16,0.2457586835187034,COMPLETE
47,47,0.8669301712779973,2025-04-15 14:37:54.596471,2025-04-15 14:37:55.213080,0 days 00:00:00.616609,3.8906,7,0.17570047245783407,COMPLETE
48,48,0.8669301712779973,2025-04-15 14:37:55.213422,2025-04-15 14:37:55.827909,0 days 00:00:00.614487,3.8906,7,0.19316433278284667,COMPLETE
49,49,0.2552255225522552,2025-04-15 14:37:55.828240,2025-04-15 14:37:56.593173,0 days 00:00:00.764933,3.8906,4,0.1670945246125572,COMPLETE
50,50,0.8123769338959212,2025-04-15 14:37:56.593683,2025-04-15 14:37:57.202477,0 days 00:00:00.608794,3.8906,7,1.107591105994267,COMPLETE
51,51,0.8687615526802219,2025-04-15 14:37:57.202804,2025-04-15 14:37:57.952792,0 days 00:00:00.749988,3.8906,10,0.10361935290811626,COMPLETE
52,52,0.30966616841056305,2025-04-15 14:37:57.955393,2025-04-15 14:37:58.967736,0 days 00:00:01.012343,3.8906,5,0.10316211124625477,COMPLETE
53,53,0.37565144882218054,2025-04-15 14:37:58.968068,2025-04-15 14:37:59.576361,0 days 00:00:00.608293,3.8906,6,0.23570561618125185,COMPLETE
54,54,0.6017405719021964,2025-04-15 14:37:59.576678,2025-04-15 14:38:00.270135,0 days 00:00:00.693457,3.8906,11,1.815521412785102,COMPLETE
55,55,0.8646496815286624,2025-04-15 14:38:00.270462,2025-04-15 14:38:00.926767,0 days 00:00:00.656305,3.8906,9,0.21571568535502667,COMPLETE
56,56,0.8669301712779973,2025-04-15 14:38:00.927265,2025-04-15 14:38:01.523949,0 days 00:00:00.596684,3.8906,7,0.16849959193425823,COMPLETE
57,57,0.7818057455540356,2025-04-15 14:38:01.524287,2025-04-15 14:38:02.710222,0 days 00:00:01.185935,3.8906,14,0.28461647227689424,COMPLETE
58,58,0.05036630036630036,2025-04-15 14:38:02.710615,2025-04-15 14:38:03.359681,0 days 00:00:00.649066,3.8906,2,0.47607270553944353,COMPLETE
59,59,0.5922199865861837,2025-04-15 14:38:03.360012,2025-04-15 14:38:03.963430,0 days 00:00:00.603418,3.8906,8,1.2514421943868252,COMPLETE
60,60,0.9013767912334926,2025-04-15 14:38:03.963754,2025-04-15 14:38:04.815672,0 days 00:00:00.851918,3.8906,11,0.16596999921238567,COMPLETE
61,61,0.8694503171247357,2025-04-15 14:38:04.816272,2025-04-15 14:38:05.440617,0 days 00:00:00.624345,3.8906,10,0.15785368970407285,COMPLETE
62,62,0.9443298969072164,2025-04-15 14:38:05.441314,2025-04-15 14:38:06.097523,0 days 00:00:00.656209,3.8906,12,0.10617265609918641,COMPLETE
63,63,0.5927367055771725,2025-04-15 14:38:06.097923,2025-04-15 14:38:07.301222,0 days 00:00:01.203299,3.8906,17,0.11394390840307737,COMPLETE
64,64,0.7758985200845665,2025-04-15 14:38:07.301623,2025-04-15 14:38:07.915212,0 days 00:00:00.613589,3.8906,12,0.2897597960497931,COMPLETE
65,65,0.24787961696306426,2025-04-15 14:38:07.915604,2025-04-15 14:38:08.561373,0 days 00:00:00.645769,3.8906,22,0.10175133942251358,COMPLETE
66,66,0.9297558034368406,2025-04-15 14:38:08.563936,2025-04-15 14:38:09.445642,0 days 00:00:00.881706,3.8906,11,0.4317897354342779,COMPLETE
67,67,0.7851697851697852,2025-04-15 14:38:09.445976,2025-04-15 14:38:10.047602,0 days 00:00:00.601626,3.8906,14,0.4310784105943123,COMPLETE
68,68,0.22284382284382287,2025-04-15 14:38:10.047954,2025-04-15 14:38:10.849050,0 days 00:00:00.801096,3.8906,19,0.3234682638619168,COMPLETE
69,69,0.7870788468218131,2025-04-15 14:38:10.850073,2025-04-15 14:38:12.015332,0 days 00:00:01.165259,3.8906,13,0.36777444836204365,COMPLETE
70,70,0.9404167889638979,2025-04-15 14:38:12.015680,2025-04-15 14:38:12.601858,0 days 00:00:00.586178,3.8906,11,0.23924928832701167,COMPLETE
71,71,0.938388625592417,2025-04-15 14:38:12.602207,2025-04-15 14:38:13.371685,0 days 00:00:00.769478,3.8906,11,0.25776738501108787,COMPLETE
72,72,0.901123595505618,2025-04-15 14:38:13.372024,2025-04-15 14:38:13.976933,0 days 00:00:00.604909,3.8906,11,0.1651119638459253,COMPLETE
73,73,0.9396248534583822,2025-04-15 14:38:13.977295,2025-04-15 14:38:14.572336,0 days 00:00:00.595041,3.8906,11,0.23103883078720885,COMPLETE
74,74,0.19923126201153105,2025-04-15 14:38:14.572853,2025-04-15 14:38:15.347917,0 days 00:00:00.775064,3.8906,24,0.2361699135202552,COMPLETE
75,75,0.7540394973070017,2025-04-15 14:38:15.348276,2025-04-15 14:38:16.371495,0 days 00:00:01.023219,3.8906,12,0.42587332556003,COMPLETE
76,76,0.9288753799392098,2025-04-15 14:38:16.371826,2025-04-15 14:38:16.994841,0 days 00:00:00.623015,3.8906,11,0.5057179872258504,COMPLETE
77,77,0.41271262309758283,2025-04-15 14:38:16.995212,2025-04-15 14:38:17.754078,0 days 00:00:00.758866,3.8906,16,0.5065130701043739,COMPLETE
78,78,0.7525682418550044,2025-04-15 14:38:17.754428,2025-04-15 14:38:18.354302,0 days 00:00:00.599874,3.8906,9,0.6561572619438352,COMPLETE
79,79,0.038777908343125736,2025-04-15 14:38:18.354682,2025-04-15 14:38:18.998929,0 days 00:00:00.644247,3.8906,30,0.35824905045212285,COMPLETE
80,80,0.7812061711079944,2025-04-15 14:38:18.999998,2025-04-15 14:38:19.742136,0 days 00:00:00.742138,3.8906,13,0.5837851548300501,COMPLETE
81,81,0.9378531073446327,2025-04-15 14:38:19.742684,2025-04-15 14:38:21.016502,0 days 00:00:01.273818,3.8906,11,0.271747271811291,COMPLETE
82,82,0.9366028708133972,2025-04-15 14:38:21.016837,2025-04-15 14:38:21.807679,0 days 00:00:00.790842,3.8906,11,0.32484693094448647,COMPLETE
83,83,0.7841105354058723,2025-04-15 14:38:21.808303,2025-04-15 14:38:22.421032,0 days 00:00:00.612729,3.8906,14,0.34456345340764066,COMPLETE
84,84,0.6526610644257702,2025-04-15 14:38:22.421381,2025-04-15 14:38:23.030573,0 days 00:00:00.609192,3.8906,9,0.9249403102799942,COMPLETE
85,85,0.4684252597921662,2025-04-15 14:38:23.030903,2025-04-15 14:38:23.779915,0 days 00:00:00.749012,3.8906,15,0.28189180718425044,COMPLETE
86,86,0.7540394973070017,2025-04-15 14:38:23.780443,2025-04-15 14:38:24.382968,0 days 00:00:00.602525,3.8906,12,0.4155357978257371,COMPLETE
87,87,0.9317073170731708,2025-04-15 14:38:24.383296,2025-04-15 14:38:25.014136,0 days 00:00:00.630840,3.8906,11,0.526352971772849,COMPLETE
88,88,0.887877063175868,2025-04-15 14:38:25.016590,2025-04-15 14:38:25.750946,0 days 00:00:00.734356,3.8906,10,0.46340254660603797,COMPLETE
89,89,0.441938178780284,2025-04-15 14:38:25.751292,2025-04-15 14:38:26.345955,0 days 00:00:00.594663,3.8906,17,0.32531046307986444,COMPLETE
90,90,0.8648217136774881,2025-04-15 14:38:26.346299,2025-04-15 14:38:26.989152,0 days 00:00:00.642853,3.8906,8,0.5499479508803617,COMPLETE
91,91,0.6347930895942145,2025-04-15 14:38:26.990189,2025-04-15 14:38:27.706930,0 days 00:00:00.716741,3.8906,11,0.7131281990517342,COMPLETE
92,92,0.8645195634815013,2025-04-15 14:38:27.707304,2025-04-15 14:38:28.343172,0 days 00:00:00.635868,3.8906,10,0.25055998718493266,COMPLETE
93,93,0.782274947662247,2025-04-15 14:38:28.343512,2025-04-15 14:38:29.015917,0 days 00:00:00.672405,3.8906,13,0.3952308895792517,COMPLETE
94,94,0.8640128239380176,2025-04-15 14:38:29.016260,2025-04-15 14:38:29.616447,0 days 00:00:00.600187,3.8906,9,0.4688763495504678,COMPLETE
95,95,0.47885137757081875,2025-04-15 14:38:29.616792,2025-04-15 14:38:30.224837,0 days 00:00:00.608045,3.8906,15,0.2220467120951401,COMPLETE
96,96,0.520632133450395,2025-04-15 14:38:30.225197,2025-04-15 14:38:30.915098,0 days 00:00:00.689901,3.8906,12,0.8060630722666002,COMPLETE
97,97,0.9314233465406889,2025-04-15 14:38:30.915493,2025-04-15 14:38:31.505884,0 days 00:00:00.590391,3.8906,11,0.5201639161862925,COMPLETE
98,98,0.781633368384157,2025-04-15 14:38:31.506247,2025-04-15 14:38:32.099418,0 days 00:00:00.593171,3.8906,13,0.5755143788687417,COMPLETE
99,99,0.43492586490939045,2025-04-15 14:38:32.099748,2025-04-15 14:38:32.764189,0 days 00:00:00.664441,3.8906,18,0.31956829632292094,COMPLETE
