,number,value,datetime_start,datetime_complete,duration,params_c_alpha,params_n_components,params_threshold_mult,state
0,0,0.09287870715681053,2025-04-28 18:02:24.222252,2025-04-28 18:02:24.888781,0 days 00:00:00.666529,3.8906,16,1.5652780407907485,COMPLETE
1,1,0.08310693998518154,2025-04-28 18:02:24.888993,2025-04-28 18:02:25.558672,0 days 00:00:00.669679,3.8906,21,1.4018310980118258,COMPLETE
2,2,0.015102254850550601,2025-04-28 18:02:25.558863,2025-04-28 18:02:26.226823,0 days 00:00:00.667960,3.8906,23,1.2917654964140322,COMPLETE
3,3,0.012365095721026086,2025-04-28 18:02:26.227006,2025-04-28 18:02:26.893915,0 days 00:00:00.666909,3.8906,22,1.4234942733979967,COMPLETE
4,4,0.018471096931279123,2025-04-28 18:02:26.894102,2025-04-28 18:02:27.561185,0 days 00:00:00.667083,3.8906,6,0.43858700293721753,COMPLETE
5,5,0.33837975760153094,2025-04-28 18:02:27.561376,2025-04-28 18:02:28.229050,0 days 00:00:00.667674,3.8906,11,0.8464786456800599,COMPLETE
6,6,0.45454396028863064,2025-04-28 18:02:28.229234,2025-04-28 18:02:28.895138,0 days 00:00:00.665904,3.8906,8,0.31083637202910697,COMPLETE
7,7,0.006291578567376618,2025-04-28 18:02:28.895316,2025-04-28 18:02:29.562684,0 days 00:00:00.667368,3.8906,6,0.935187335834593,COMPLETE
8,8,0.3067740723736383,2025-04-28 18:02:29.562920,2025-04-28 18:02:30.230391,0 days 00:00:00.667471,3.8906,12,0.7794731548680631,COMPLETE
9,9,0.08031607864925763,2025-04-28 18:02:30.230569,2025-04-28 18:02:30.898474,0 days 00:00:00.667905,3.8906,17,1.6582350807040112,COMPLETE
10,10,0.05711256874047572,2025-04-28 18:02:30.898665,2025-04-28 18:02:31.569932,0 days 00:00:00.671267,3.8906,30,0.2807601013066822,COMPLETE
11,11,0.3945002052162233,2025-04-28 18:02:31.570120,2025-04-28 18:02:32.241878,0 days 00:00:00.671758,3.8906,11,0.5821900580347936,COMPLETE
12,12,0.47815800460808117,2025-04-28 18:02:32.242147,2025-04-28 18:02:32.912113,0 days 00:00:00.669966,3.8906,10,0.1065452202559064,COMPLETE
13,13,0.47545274691827727,2025-04-28 18:02:32.912303,2025-04-28 18:02:33.585808,0 days 00:00:00.673505,3.8906,3,0.13249751479210087,COMPLETE
14,14,0.4751959814293326,2025-04-28 18:02:33.586001,2025-04-28 18:02:34.254588,0 days 00:00:00.668587,3.8906,3,0.19788154603485192,COMPLETE
15,15,0.4754991477964451,2025-04-28 18:02:34.254776,2025-04-28 18:02:34.924089,0 days 00:00:00.669313,3.8906,3,0.12285325271346108,COMPLETE
16,16,0.38336439717867193,2025-04-28 18:02:34.924276,2025-04-28 18:02:35.594550,0 days 00:00:00.670274,3.8906,8,0.5983885928258093,COMPLETE
17,17,0.06625042290775998,2025-04-28 18:02:35.594742,2025-04-28 18:02:36.267511,0 days 00:00:00.672769,3.8906,14,1.9208792073950196,COMPLETE
18,18,0.4010415744070288,2025-04-28 18:02:36.267714,2025-04-28 18:02:36.938939,0 days 00:00:00.671225,3.8906,7,0.5158399377239836,COMPLETE
19,19,0.3862433862433863,2025-04-28 18:02:36.939130,2025-04-28 18:02:37.610645,0 days 00:00:00.671515,3.8906,3,1.1964163689654477,COMPLETE
20,20,0.34798648596171017,2025-04-28 18:02:37.610834,2025-04-28 18:02:38.281295,0 days 00:00:00.670461,3.8906,10,0.7100972443142002,COMPLETE
21,21,0.4754991477964451,2025-04-28 18:02:38.281486,2025-04-28 18:02:38.950799,0 days 00:00:00.669313,3.8906,3,0.10967576484316569,COMPLETE
22,22,0.475475947710429,2025-04-28 18:02:38.950997,2025-04-28 18:02:39.619566,0 days 00:00:00.668569,3.8906,4,0.1302800049642663,COMPLETE
23,23,0.44089435173081165,2025-04-28 18:02:39.619867,2025-04-28 18:02:40.288740,0 days 00:00:00.668873,3.8906,8,0.38617088313403614,COMPLETE
24,24,0.02796588454921483,2025-04-28 18:02:40.288931,2025-04-28 18:02:40.959735,0 days 00:00:00.670804,3.8906,6,0.31438546450235083,COMPLETE
25,25,0.2080586453534248,2025-04-28 18:02:40.959928,2025-04-28 18:02:41.632322,0 days 00:00:00.672394,3.8906,14,1.0311688598611866,COMPLETE
26,26,0.4754919117982743,2025-04-28 18:02:41.632510,2025-04-28 18:02:42.302825,0 days 00:00:00.670315,3.8906,5,0.10143035453078533,COMPLETE
27,27,0.4250255840979654,2025-04-28 18:02:42.303016,2025-04-28 18:02:42.974406,0 days 00:00:00.671390,3.8906,9,0.41973833530422294,COMPLETE
28,28,0.44338820233151555,2025-04-28 18:02:42.974602,2025-04-28 18:02:43.645474,0 days 00:00:00.670872,3.8906,13,0.2700213543955148,COMPLETE
29,29,0.212797619047619,2025-04-28 18:02:43.645665,2025-04-28 18:02:44.317272,0 days 00:00:00.671607,3.8906,18,0.6798186347641455,COMPLETE
30,30,0.473934869352555,2025-04-28 18:02:44.317467,2025-04-28 18:02:44.987901,0 days 00:00:00.670434,3.8906,5,0.4860120733103364,COMPLETE
31,31,0.4754919117982743,2025-04-28 18:02:44.988097,2025-04-28 18:02:45.657524,0 days 00:00:00.669427,3.8906,4,0.10844896577948229,COMPLETE
32,32,0.47471101567140317,2025-04-28 18:02:45.657716,2025-04-28 18:02:46.326613,0 days 00:00:00.668897,3.8906,5,0.2163756696286401,COMPLETE
33,33,0.17028362982739023,2025-04-28 18:02:46.326804,2025-04-28 18:02:46.998555,0 days 00:00:00.671751,3.8906,26,0.10704963775073084,COMPLETE
34,34,0.4774390433780712,2025-04-28 18:02:46.998750,2025-04-28 18:02:47.670170,0 days 00:00:00.671420,3.8906,5,0.3610286327226797,COMPLETE
35,35,0.44176515602414757,2025-04-28 18:02:47.670369,2025-04-28 18:02:48.341970,0 days 00:00:00.671601,3.8906,9,0.3641890605722884,COMPLETE
36,36,0.3599874936491187,2025-04-28 18:02:48.342164,2025-04-28 18:02:49.012686,0 days 00:00:00.670522,3.8906,20,0.23403151799710617,COMPLETE
37,37,0.4050449814782149,2025-04-28 18:02:49.012879,2025-04-28 18:02:49.682172,0 days 00:00:00.669293,3.8906,7,0.5031337167263278,COMPLETE
38,38,0.47640803222769296,2025-04-28 18:02:49.682369,2025-04-28 18:02:50.352863,0 days 00:00:00.670494,3.8906,3,0.38239224566374713,COMPLETE
39,39,0.37188589366866825,2025-04-28 18:02:50.353058,2025-04-28 18:02:51.023436,0 days 00:00:00.670378,3.8906,7,0.6092086956241709,COMPLETE
40,40,0.327324201673675,2025-04-28 18:02:51.023642,2025-04-28 18:02:51.694565,0 days 00:00:00.670923,3.8906,10,0.8292175171520157,COMPLETE
41,41,0.4756131250191842,2025-04-28 18:02:51.694759,2025-04-28 18:02:52.365229,0 days 00:00:00.670470,3.8906,3,0.34554266131575073,COMPLETE
42,42,0.47723421784887077,2025-04-28 18:02:52.365418,2025-04-28 18:02:53.034117,0 days 00:00:00.668699,3.8906,5,0.3528843508000558,COMPLETE
43,43,0.4759368401147216,2025-04-28 18:02:53.034316,2025-04-28 18:02:53.704937,0 days 00:00:00.670621,3.8906,5,0.41874788462107937,COMPLETE
44,44,0.47692749553229513,2025-04-28 18:02:53.705132,2025-04-28 18:02:54.385199,0 days 00:00:00.680067,3.8906,5,0.449660835694646,COMPLETE
45,45,0.009986910360207496,2025-04-28 18:02:54.385388,2025-04-28 18:02:55.055232,0 days 00:00:00.669844,3.8906,6,0.7236526806450632,COMPLETE
46,46,0.403329772735644,2025-04-28 18:02:55.055427,2025-04-28 18:02:55.726754,0 days 00:00:00.671327,3.8906,11,0.5461211472297318,COMPLETE
47,47,0.47604785649424103,2025-04-28 18:02:55.726949,2025-04-28 18:02:56.395638,0 days 00:00:00.668689,3.8906,8,0.2141381898252882,COMPLETE
48,48,0.0024053605177252156,2025-04-28 18:02:56.395836,2025-04-28 18:02:57.064357,0 days 00:00:00.668521,3.8906,6,1.507585756622042,COMPLETE
49,49,0.48504972832131166,2025-04-28 18:02:57.064558,2025-04-28 18:02:57.737176,0 days 00:00:00.672618,3.8906,4,0.44412793219307256,COMPLETE
50,50,0.02081155995819512,2025-04-28 18:02:57.737370,2025-04-28 18:02:58.408151,0 days 00:00:00.670781,3.8906,24,0.931760590159212,COMPLETE
51,51,0.4790171474433178,2025-04-28 18:02:58.408344,2025-04-28 18:02:59.077322,0 days 00:00:00.668978,3.8906,4,0.30939437067567765,COMPLETE
52,52,0.4747906236124508,2025-04-28 18:02:59.077521,2025-04-28 18:02:59.745678,0 days 00:00:00.668157,3.8906,5,0.28373303531838084,COMPLETE
53,53,0.48070602759380066,2025-04-28 18:02:59.745873,2025-04-28 18:03:00.417087,0 days 00:00:00.671214,3.8906,4,0.631769861431094,COMPLETE
54,54,0.4791847935211833,2025-04-28 18:03:00.417282,2025-04-28 18:03:01.088657,0 days 00:00:00.671375,3.8906,4,0.647706008453794,COMPLETE
55,55,0.4806286915607168,2025-04-28 18:03:01.088854,2025-04-28 18:03:01.760160,0 days 00:00:00.671306,3.8906,4,0.6327974223619155,COMPLETE
56,56,0.4820442907494845,2025-04-28 18:03:01.760354,2025-04-28 18:03:02.431708,0 days 00:00:00.671354,3.8906,4,0.6170927188868978,COMPLETE
57,57,0.47887465460939455,2025-04-28 18:03:02.431912,2025-04-28 18:03:03.103285,0 days 00:00:00.671373,3.8906,4,0.6508627245391028,COMPLETE
58,58,0.46561848835006636,2025-04-28 18:03:03.103481,2025-04-28 18:03:03.775195,0 days 00:00:00.671714,3.8906,4,0.7728281909947987,COMPLETE
59,59,0.26677890241649044,2025-04-28 18:03:03.775545,2025-04-28 18:03:04.447634,0 days 00:00:00.672089,3.8906,7,0.9591058164113755,COMPLETE
60,60,0.20912472214274713,2025-04-28 18:03:04.447839,2025-04-28 18:03:05.118734,0 days 00:00:00.670895,3.8906,8,1.2153369810119379,COMPLETE
61,61,0.47866114399745113,2025-04-28 18:03:05.118935,2025-04-28 18:03:05.789905,0 days 00:00:00.670970,3.8906,4,0.6567001645600645,COMPLETE
62,62,0.48104696123467405,2025-04-28 18:03:05.790102,2025-04-28 18:03:06.461376,0 days 00:00:00.671274,3.8906,4,0.6063763055854546,COMPLETE
63,63,0.012936139200145757,2025-04-28 18:03:06.461577,2025-04-28 18:03:07.131546,0 days 00:00:00.669969,3.8906,6,0.5684206493429317,COMPLETE
64,64,0.4546125980374916,2025-04-28 18:03:07.131759,2025-04-28 18:03:07.802880,0 days 00:00:00.671121,3.8906,4,0.8553550098252465,COMPLETE
65,65,0.4674785076088976,2025-04-28 18:03:07.803083,2025-04-28 18:03:08.473651,0 days 00:00:00.670568,3.8906,3,0.7494663635749159,COMPLETE
66,66,0.4144071931414233,2025-04-28 18:03:08.473849,2025-04-28 18:03:09.144328,0 days 00:00:00.670479,3.8906,7,0.47156136371180546,COMPLETE
67,67,0.03063130369816959,2025-04-28 18:03:09.144528,2025-04-28 18:03:09.816243,0 days 00:00:00.671715,3.8906,30,0.5971767473589736,COMPLETE
68,68,0.008115825860427833,2025-04-28 18:03:09.816448,2025-04-28 18:03:10.486934,0 days 00:00:00.670486,3.8906,6,0.8199675186138565,COMPLETE
69,69,0.47537922222586243,2025-04-28 18:03:10.487137,2025-04-28 18:03:11.157927,0 days 00:00:00.670790,3.8906,3,0.6419056870308286,COMPLETE
70,70,0.3954016308591976,2025-04-28 18:03:11.158131,2025-04-28 18:03:11.828722,0 days 00:00:00.670591,3.8906,9,0.5303582914373451,COMPLETE
71,71,0.4748773473185585,2025-04-28 18:03:11.828921,2025-04-28 18:03:12.500367,0 days 00:00:00.671446,3.8906,4,0.6954265638451024,COMPLETE
72,72,0.4462060752563943,2025-04-28 18:03:12.500569,2025-04-28 18:03:13.172553,0 days 00:00:00.671984,3.8906,4,0.9038749704640385,COMPLETE
73,73,0.4750803331365991,2025-04-28 18:03:13.172755,2025-04-28 18:03:13.844394,0 days 00:00:00.671639,3.8906,3,0.6462878585884663,COMPLETE
74,74,0.0017495771855135008,2025-04-28 18:03:13.844601,2025-04-28 18:03:14.513623,0 days 00:00:00.669022,3.8906,6,1.7136009543991917,COMPLETE
75,75,0.48066974558153963,2025-04-28 18:03:14.513837,2025-04-28 18:03:15.183947,0 days 00:00:00.670110,3.8906,4,0.5692409064621209,COMPLETE
76,76,0.48256444279033645,2025-04-28 18:03:15.184150,2025-04-28 18:03:15.863450,0 days 00:00:00.679300,3.8906,4,0.5303714091872306,COMPLETE
77,77,0.389101149796409,2025-04-28 18:03:15.863668,2025-04-28 18:03:16.534433,0 days 00:00:00.670765,3.8906,7,0.554339034400774,COMPLETE
78,78,0.4726897862538859,2025-04-28 18:03:16.534632,2025-04-28 18:03:17.205375,0 days 00:00:00.670743,3.8906,5,0.4937357377408315,COMPLETE
79,79,0.47914633352853153,2025-04-28 18:03:17.205587,2025-04-28 18:03:17.876541,0 days 00:00:00.670954,3.8906,3,0.6014790456679019,COMPLETE
80,80,0.021803209657043934,2025-04-28 18:03:17.876745,2025-04-28 18:03:18.547888,0 days 00:00:00.671143,3.8906,28,1.044288006315774,COMPLETE
81,81,0.47024533235622323,2025-04-28 18:03:18.548092,2025-04-28 18:03:19.221174,0 days 00:00:00.673082,3.8906,3,0.7126330123063762,COMPLETE
82,82,0.29303711058706716,2025-04-28 18:03:19.221380,2025-04-28 18:03:19.894249,0 days 00:00:00.672869,3.8906,16,0.4296479478637014,COMPLETE
83,83,0.4794458176141538,2025-04-28 18:03:19.894460,2025-04-28 18:03:20.566310,0 days 00:00:00.671850,3.8906,3,0.5992337580852864,COMPLETE
84,84,0.008719778042013475,2025-04-28 18:03:20.566517,2025-04-28 18:03:21.236651,0 days 00:00:00.670134,3.8906,6,0.7862486261239714,COMPLETE
85,85,0.4680746802567746,2025-04-28 18:03:21.236852,2025-04-28 18:03:21.908588,0 days 00:00:00.671736,3.8906,5,0.535852072430804,COMPLETE
86,86,0.4851288618536898,2025-04-28 18:03:21.908794,2025-04-28 18:03:22.578966,0 days 00:00:00.670172,3.8906,4,0.47633691764909913,COMPLETE
87,87,0.4759427828348505,2025-04-28 18:03:22.579169,2025-04-28 18:03:23.250142,0 days 00:00:00.670973,3.8906,5,0.47290544791469463,COMPLETE
88,88,0.48492136324799856,2025-04-28 18:03:23.250343,2025-04-28 18:03:23.921661,0 days 00:00:00.671318,3.8906,4,0.4181741524894788,COMPLETE
89,89,0.4328517005868827,2025-04-28 18:03:23.921864,2025-04-28 18:03:24.592531,0 days 00:00:00.670667,3.8906,8,0.41964434406708107,COMPLETE
90,90,0.06319251610816057,2025-04-28 18:03:24.592736,2025-04-28 18:03:25.266122,0 days 00:00:00.673386,3.8906,6,0.17775983984258353,COMPLETE
91,91,0.4799303888235388,2025-04-28 18:03:25.266328,2025-04-28 18:03:25.936531,0 days 00:00:00.670203,3.8906,3,0.5654697358295032,COMPLETE
92,92,0.4839303000968054,2025-04-28 18:03:25.936737,2025-04-28 18:03:26.607310,0 days 00:00:00.670573,3.8906,4,0.5120387667860988,COMPLETE
93,93,0.4834288481717653,2025-04-28 18:03:26.607524,2025-04-28 18:03:27.278027,0 days 00:00:00.670503,3.8906,4,0.5163601174003681,COMPLETE
94,94,0.47296990898195834,2025-04-28 18:03:27.278234,2025-04-28 18:03:27.950189,0 days 00:00:00.671955,3.8906,5,0.5023324594009045,COMPLETE
95,95,0.48225037631710993,2025-04-28 18:03:27.950402,2025-04-28 18:03:28.620593,0 days 00:00:00.670191,3.8906,4,0.39439437208014155,COMPLETE
96,96,0.2628940320032965,2025-04-28 18:03:28.620804,2025-04-28 18:03:29.292329,0 days 00:00:00.671525,3.8906,21,0.394591730532381,COMPLETE
97,97,0.4460970220624608,2025-04-28 18:03:29.292539,2025-04-28 18:03:29.963938,0 days 00:00:00.671399,3.8906,7,0.32978548326030976,COMPLETE
98,98,0.018111474852259685,2025-04-28 18:03:29.964144,2025-04-28 18:03:30.634611,0 days 00:00:00.670467,3.8906,6,0.454622417508556,COMPLETE
99,99,0.4782670164470067,2025-04-28 18:03:30.634819,2025-04-28 18:03:31.306366,0 days 00:00:00.671547,3.8906,5,0.3895681649932982,COMPLETE
